2021-02-04 === [main] === INFO  === c.gahui.ghmall.server.cache.BaseEhCacheServiceTest ==== Starting BaseEhCacheServiceTest using Java 1.8.0_211 on LAPTOP-7T3VQL9G with PID 16128 (started by Gahui_Liao in E:\ghmall_workspace\ghmall-server)
2021-02-04 === [main] === INFO  === c.gahui.ghmall.server.cache.BaseEhCacheServiceTest ==== The following profiles are active: dev
2021-02-04 === [main] === INFO  === o.s.scheduling.concurrent.ThreadPoolTaskExecutor ==== Initializing ExecutorService 'applicationTaskExecutor'
2021-02-04 === [main] === INFO  === c.gahui.ghmall.server.cache.BaseEhCacheServiceTest ==== Started BaseEhCacheServiceTest in 13.144 seconds (JVM running for 18.26)
2021-02-04 === [SpringContextShutdownHook] === INFO  === o.s.scheduling.concurrent.ThreadPoolTaskExecutor ==== Shutting down ExecutorService 'applicationTaskExecutor'
2021-02-04 === [main] === INFO  === c.gahui.ghmall.server.cache.BaseEhCacheServiceTest ==== Starting BaseEhCacheServiceTest using Java 1.8.0_211 on LAPTOP-7T3VQL9G with PID 2552 (started by Gahui_Liao in E:\ghmall_workspace\ghmall-server)
2021-02-04 === [main] === INFO  === c.gahui.ghmall.server.cache.BaseEhCacheServiceTest ==== The following profiles are active: dev
2021-02-04 === [main] === INFO  === o.s.scheduling.concurrent.ThreadPoolTaskExecutor ==== Initializing ExecutorService 'applicationTaskExecutor'
2021-02-04 === [main] === INFO  === c.gahui.ghmall.server.cache.BaseEhCacheServiceTest ==== Started BaseEhCacheServiceTest in 10.205 seconds (JVM running for 13.367)
2021-02-04 === [SpringContextShutdownHook] === INFO  === o.s.scheduling.concurrent.ThreadPoolTaskExecutor ==== Shutting down ExecutorService 'applicationTaskExecutor'
2021-02-04 === [main] === INFO  === c.gahui.ghmall.server.cache.BaseEhCacheServiceTest ==== Starting BaseEhCacheServiceTest using Java 1.8.0_211 on LAPTOP-7T3VQL9G with PID 21032 (started by Gahui_Liao in E:\ghmall_workspace\ghmall-server)
2021-02-04 === [main] === INFO  === c.gahui.ghmall.server.cache.BaseEhCacheServiceTest ==== The following profiles are active: dev
2021-02-04 === [main] === INFO  === o.s.scheduling.concurrent.ThreadPoolTaskExecutor ==== Initializing ExecutorService 'applicationTaskExecutor'
2021-02-04 === [main] === INFO  === c.gahui.ghmall.server.cache.BaseEhCacheServiceTest ==== Started BaseEhCacheServiceTest in 10.03 seconds (JVM running for 13.295)
2021-02-04 === [SpringContextShutdownHook] === INFO  === o.s.scheduling.concurrent.ThreadPoolTaskExecutor ==== Shutting down ExecutorService 'applicationTaskExecutor'
2021-02-04 === [main] === INFO  === c.gahui.ghmall.server.cache.BaseEhCacheServiceTest ==== Starting BaseEhCacheServiceTest using Java 1.8.0_211 on LAPTOP-7T3VQL9G with PID 2136 (started by Gahui_Liao in E:\ghmall_workspace\ghmall-server)
2021-02-04 === [main] === INFO  === c.gahui.ghmall.server.cache.BaseEhCacheServiceTest ==== The following profiles are active: dev
2021-02-04 === [main] === INFO  === o.s.scheduling.concurrent.ThreadPoolTaskExecutor ==== Initializing ExecutorService 'applicationTaskExecutor'
2021-02-04 === [main] === INFO  === c.gahui.ghmall.server.cache.BaseEhCacheServiceTest ==== Started BaseEhCacheServiceTest in 9.066 seconds (JVM running for 12.752)
2021-02-04 === [SpringContextShutdownHook] === INFO  === o.s.scheduling.concurrent.ThreadPoolTaskExecutor ==== Shutting down ExecutorService 'applicationTaskExecutor'
2021-02-04 === [main] === INFO  === c.gahui.ghmall.server.cache.BaseEhCacheServiceTest ==== Starting BaseEhCacheServiceTest using Java 1.8.0_211 on LAPTOP-7T3VQL9G with PID 11968 (started by Gahui_Liao in E:\ghmall_workspace\ghmall-server)
2021-02-04 === [main] === INFO  === c.gahui.ghmall.server.cache.BaseEhCacheServiceTest ==== The following profiles are active: dev
2021-02-04 === [main] === INFO  === o.s.scheduling.concurrent.ThreadPoolTaskExecutor ==== Initializing ExecutorService 'applicationTaskExecutor'
2021-02-04 === [main] === INFO  === c.gahui.ghmall.server.cache.BaseEhCacheServiceTest ==== Started BaseEhCacheServiceTest in 9.122 seconds (JVM running for 11.853)
2021-02-04 === [SpringContextShutdownHook] === INFO  === o.s.scheduling.concurrent.ThreadPoolTaskExecutor ==== Shutting down ExecutorService 'applicationTaskExecutor'
2021-02-04 === [main] === INFO  === c.gahui.ghmall.server.cache.BaseEhCacheServiceTest ==== Starting BaseEhCacheServiceTest using Java 1.8.0_211 on LAPTOP-7T3VQL9G with PID 16796 (started by Gahui_Liao in E:\ghmall_workspace\ghmall-server)
2021-02-04 === [main] === INFO  === c.gahui.ghmall.server.cache.BaseEhCacheServiceTest ==== The following profiles are active: dev
2021-02-04 === [main] === INFO  === o.s.scheduling.concurrent.ThreadPoolTaskExecutor ==== Initializing ExecutorService 'applicationTaskExecutor'
2021-02-04 === [main] === INFO  === c.gahui.ghmall.server.cache.BaseEhCacheServiceTest ==== Started BaseEhCacheServiceTest in 10.18 seconds (JVM running for 13.042)
2021-02-04 === [SpringContextShutdownHook] === INFO  === o.s.scheduling.concurrent.ThreadPoolTaskExecutor ==== Shutting down ExecutorService 'applicationTaskExecutor'
2021-02-04 === [main] === INFO  === c.gahui.ghmall.server.cache.BaseEhCacheServiceTest ==== Starting BaseEhCacheServiceTest using Java 1.8.0_211 on LAPTOP-7T3VQL9G with PID 11004 (started by Gahui_Liao in E:\ghmall_workspace\ghmall-server)
2021-02-04 === [main] === INFO  === c.gahui.ghmall.server.cache.BaseEhCacheServiceTest ==== The following profiles are active: dev
2021-02-04 === [main] === INFO  === o.s.scheduling.concurrent.ThreadPoolTaskExecutor ==== Initializing ExecutorService 'applicationTaskExecutor'
2021-02-04 === [main] === INFO  === c.gahui.ghmall.server.cache.BaseEhCacheServiceTest ==== Started BaseEhCacheServiceTest in 10.372 seconds (JVM running for 13.794)
2021-02-04 === [SpringContextShutdownHook] === INFO  === o.s.scheduling.concurrent.ThreadPoolTaskExecutor ==== Shutting down ExecutorService 'applicationTaskExecutor'
2021-02-04 === [main] === INFO  === c.gahui.ghmall.server.cache.BaseEhCacheServiceTest ==== Starting BaseEhCacheServiceTest using Java 1.8.0_211 on LAPTOP-7T3VQL9G with PID 9060 (started by Gahui_Liao in E:\ghmall_workspace\ghmall-server)
2021-02-04 === [main] === INFO  === c.gahui.ghmall.server.cache.BaseEhCacheServiceTest ==== The following profiles are active: dev
2021-02-04 === [main] === INFO  === o.s.scheduling.concurrent.ThreadPoolTaskExecutor ==== Initializing ExecutorService 'applicationTaskExecutor'
2021-02-04 === [main] === INFO  === c.gahui.ghmall.server.cache.BaseEhCacheServiceTest ==== Started BaseEhCacheServiceTest in 13.28 seconds (JVM running for 16.136)
2021-02-04 === [SpringContextShutdownHook] === INFO  === o.s.scheduling.concurrent.ThreadPoolTaskExecutor ==== Shutting down ExecutorService 'applicationTaskExecutor'
2021-02-04 === [main] === INFO  === c.gahui.ghmall.server.cache.BaseEhCacheServiceTest ==== Starting BaseEhCacheServiceTest using Java 1.8.0_211 on LAPTOP-7T3VQL9G with PID 7612 (started by Gahui_Liao in E:\ghmall_workspace\ghmall-server)
2021-02-04 === [main] === INFO  === c.gahui.ghmall.server.cache.BaseEhCacheServiceTest ==== The following profiles are active: dev
2021-02-04 === [main] === INFO  === o.s.scheduling.concurrent.ThreadPoolTaskExecutor ==== Initializing ExecutorService 'applicationTaskExecutor'
2021-02-04 === [main] === INFO  === c.gahui.ghmall.server.cache.BaseEhCacheServiceTest ==== Started BaseEhCacheServiceTest in 14.909 seconds (JVM running for 18.248)
2021-02-04 === [SpringContextShutdownHook] === INFO  === o.s.scheduling.concurrent.ThreadPoolTaskExecutor ==== Shutting down ExecutorService 'applicationTaskExecutor'
2021-02-04 === [main] === INFO  === c.gahui.ghmall.server.cache.BaseEhCacheServiceTest ==== Starting BaseEhCacheServiceTest using Java 1.8.0_211 on LAPTOP-7T3VQL9G with PID 12676 (started by Gahui_Liao in E:\ghmall_workspace\ghmall-server)
2021-02-04 === [main] === INFO  === c.gahui.ghmall.server.cache.BaseEhCacheServiceTest ==== The following profiles are active: dev
2021-02-04 === [main] === INFO  === o.s.scheduling.concurrent.ThreadPoolTaskExecutor ==== Initializing ExecutorService 'applicationTaskExecutor'
2021-02-04 === [main] === INFO  === c.gahui.ghmall.server.cache.BaseEhCacheServiceTest ==== Started BaseEhCacheServiceTest in 10.988 seconds (JVM running for 13.859)
2021-02-04 === [SpringContextShutdownHook] === INFO  === o.s.scheduling.concurrent.ThreadPoolTaskExecutor ==== Shutting down ExecutorService 'applicationTaskExecutor'
2021-02-04 === [main] === INFO  === c.gahui.ghmall.server.cache.BaseEhCacheServiceTest ==== Starting BaseEhCacheServiceTest using Java 1.8.0_211 on LAPTOP-7T3VQL9G with PID 20212 (started by Gahui_Liao in E:\ghmall_workspace\ghmall-server)
2021-02-04 === [main] === INFO  === c.gahui.ghmall.server.cache.BaseEhCacheServiceTest ==== The following profiles are active: dev
2021-02-04 === [main] === INFO  === o.s.scheduling.concurrent.ThreadPoolTaskExecutor ==== Initializing ExecutorService 'applicationTaskExecutor'
2021-02-04 === [main] === INFO  === c.gahui.ghmall.server.cache.BaseEhCacheServiceTest ==== Started BaseEhCacheServiceTest in 10.729 seconds (JVM running for 14.017)
2021-02-04 === [SpringContextShutdownHook] === INFO  === o.s.scheduling.concurrent.ThreadPoolTaskExecutor ==== Shutting down ExecutorService 'applicationTaskExecutor'
2021-02-04 === [main] === INFO  === com.gahui.ghmall.server.GhmallServerApplication ==== Starting GhmallServerApplication using Java 1.8.0_211 on LAPTOP-7T3VQL9G with PID 4044 (E:\ghmall_workspace\ghmall-server\target\classes started by Gahui_Liao in E:\ghmall_workspace\ghmall-server)
2021-02-04 === [main] === INFO  === com.gahui.ghmall.server.GhmallServerApplication ==== The following profiles are active: dev
2021-02-04 === [main] === INFO  === o.s.boot.web.embedded.tomcat.TomcatWebServer ==== Tomcat initialized with port(s): 8118 (http)
2021-02-04 === [main] === INFO  === org.apache.coyote.http11.Http11NioProtocol ==== Initializing ProtocolHandler ["http-nio-8118"]
2021-02-04 === [main] === INFO  === org.apache.catalina.core.StandardService ==== Starting service [Tomcat]
2021-02-04 === [main] === INFO  === org.apache.catalina.core.StandardEngine ==== Starting Servlet engine: [Apache Tomcat/9.0.41]
2021-02-04 === [main] === INFO  === o.a.c.c.C.[Tomcat].[localhost].[/ghmall] ==== Initializing Spring embedded WebApplicationContext
2021-02-04 === [main] === INFO  === o.s.b.w.s.c.ServletWebServerApplicationContext ==== Root WebApplicationContext: initialization completed in 2638 ms
2021-02-04 === [main] === INFO  === o.s.scheduling.concurrent.ThreadPoolTaskScheduler ==== Initializing ExecutorService 'taskScheduler'
2021-02-04 === [main] === INFO  === org.apache.coyote.http11.Http11NioProtocol ==== Starting ProtocolHandler ["http-nio-8118"]
2021-02-04 === [main] === INFO  === o.s.boot.web.embedded.tomcat.TomcatWebServer ==== Tomcat started on port(s): 8118 (http) with context path '/ghmall'
2021-02-04 === [main] === INFO  === com.gahui.ghmall.server.GhmallServerApplication ==== Started GhmallServerApplication in 6.277 seconds (JVM running for 10.21)
2021-02-04 === [main] === INFO  === com.gahui.ghmall.server.GhmallServerApplication ==== Starting GhmallServerApplication using Java 1.8.0_211 on LAPTOP-7T3VQL9G with PID 18568 (E:\ghmall_workspace\ghmall-server\target\classes started by Gahui_Liao in E:\ghmall_workspace\ghmall-server)
2021-02-04 === [main] === INFO  === com.gahui.ghmall.server.GhmallServerApplication ==== The following profiles are active: dev
2021-02-04 === [main] === INFO  === o.s.boot.web.embedded.tomcat.TomcatWebServer ==== Tomcat initialized with port(s): 8118 (http)
2021-02-04 === [main] === INFO  === org.apache.coyote.http11.Http11NioProtocol ==== Initializing ProtocolHandler ["http-nio-8118"]
2021-02-04 === [main] === INFO  === org.apache.catalina.core.StandardService ==== Starting service [Tomcat]
2021-02-04 === [main] === INFO  === org.apache.catalina.core.StandardEngine ==== Starting Servlet engine: [Apache Tomcat/9.0.41]
2021-02-04 === [main] === INFO  === o.a.c.c.C.[Tomcat].[localhost].[/ghmall] ==== Initializing Spring embedded WebApplicationContext
2021-02-04 === [main] === INFO  === o.s.b.w.s.c.ServletWebServerApplicationContext ==== Root WebApplicationContext: initialization completed in 2670 ms
2021-02-04 === [main] === INFO  === o.s.scheduling.concurrent.ThreadPoolTaskExecutor ==== Initializing ExecutorService 'applicationTaskExecutor'
2021-02-04 === [main] === INFO  === o.s.scheduling.concurrent.ThreadPoolTaskScheduler ==== Initializing ExecutorService 'taskScheduler'
2021-02-04 === [main] === INFO  === org.apache.coyote.http11.Http11NioProtocol ==== Starting ProtocolHandler ["http-nio-8118"]
2021-02-04 === [main] === INFO  === o.s.boot.web.embedded.tomcat.TomcatWebServer ==== Tomcat started on port(s): 8118 (http) with context path '/ghmall'
2021-02-04 === [main] === INFO  === com.gahui.ghmall.server.GhmallServerApplication ==== Started GhmallServerApplication in 6.243 seconds (JVM running for 9.693)
2021-02-04 === [main] === INFO  === com.gahui.ghmall.server.GhmallServerApplication ==== Starting GhmallServerApplication using Java 1.8.0_211 on LAPTOP-7T3VQL9G with PID 14052 (E:\ghmall_workspace\ghmall-server\target\classes started by Gahui_Liao in E:\ghmall_workspace\ghmall-server)
2021-02-04 === [main] === INFO  === com.gahui.ghmall.server.GhmallServerApplication ==== The following profiles are active: dev
2021-02-04 === [main] === INFO  === o.s.boot.web.embedded.tomcat.TomcatWebServer ==== Tomcat initialized with port(s): 8118 (http)
2021-02-04 === [main] === INFO  === org.apache.coyote.http11.Http11NioProtocol ==== Initializing ProtocolHandler ["http-nio-8118"]
2021-02-04 === [main] === INFO  === org.apache.catalina.core.StandardService ==== Starting service [Tomcat]
2021-02-04 === [main] === INFO  === org.apache.catalina.core.StandardEngine ==== Starting Servlet engine: [Apache Tomcat/9.0.41]
2021-02-04 === [main] === INFO  === o.a.c.c.C.[Tomcat].[localhost].[/ghmall] ==== Initializing Spring embedded WebApplicationContext
2021-02-04 === [main] === INFO  === o.s.b.w.s.c.ServletWebServerApplicationContext ==== Root WebApplicationContext: initialization completed in 2793 ms
2021-02-04 === [main] === INFO  === o.s.scheduling.concurrent.ThreadPoolTaskScheduler ==== Initializing ExecutorService 'taskScheduler'
2021-02-04 === [main] === INFO  === org.apache.coyote.http11.Http11NioProtocol ==== Starting ProtocolHandler ["http-nio-8118"]
2021-02-04 === [main] === INFO  === o.s.boot.web.embedded.tomcat.TomcatWebServer ==== Tomcat started on port(s): 8118 (http) with context path '/ghmall'
2021-02-04 === [main] === INFO  === com.gahui.ghmall.server.GhmallServerApplication ==== Started GhmallServerApplication in 6.323 seconds (JVM running for 9.598)
2021-02-04 === [main] === INFO  === com.gahui.ghmall.server.GhmallServerApplication ==== Starting GhmallServerApplication using Java 1.8.0_211 on LAPTOP-7T3VQL9G with PID 10832 (E:\ghmall_workspace\ghmall-server\target\classes started by Gahui_Liao in E:\ghmall_workspace\ghmall-server)
2021-02-04 === [main] === INFO  === com.gahui.ghmall.server.GhmallServerApplication ==== The following profiles are active: dev
2021-02-04 === [main] === INFO  === o.s.boot.web.embedded.tomcat.TomcatWebServer ==== Tomcat initialized with port(s): 8118 (http)
2021-02-04 === [main] === INFO  === org.apache.coyote.http11.Http11NioProtocol ==== Initializing ProtocolHandler ["http-nio-8118"]
2021-02-04 === [main] === INFO  === org.apache.catalina.core.StandardService ==== Starting service [Tomcat]
2021-02-04 === [main] === INFO  === org.apache.catalina.core.StandardEngine ==== Starting Servlet engine: [Apache Tomcat/9.0.41]
2021-02-04 === [main] === INFO  === o.a.c.c.C.[Tomcat].[localhost].[/ghmall] ==== Initializing Spring embedded WebApplicationContext
2021-02-04 === [main] === INFO  === o.s.b.w.s.c.ServletWebServerApplicationContext ==== Root WebApplicationContext: initialization completed in 2637 ms
2021-02-04 === [main] === INFO  === o.s.scheduling.concurrent.ThreadPoolTaskScheduler ==== Initializing ExecutorService 'taskScheduler'
2021-02-04 === [main] === INFO  === org.apache.coyote.http11.Http11NioProtocol ==== Starting ProtocolHandler ["http-nio-8118"]
2021-02-04 === [main] === INFO  === o.s.boot.web.embedded.tomcat.TomcatWebServer ==== Tomcat started on port(s): 8118 (http) with context path '/ghmall'
2021-02-04 === [main] === INFO  === com.gahui.ghmall.server.GhmallServerApplication ==== Started GhmallServerApplication in 6.724 seconds (JVM running for 10.292)
2021-02-04 === [main] === INFO  === com.gahui.ghmall.server.GhmallServerApplication ==== Starting GhmallServerApplication using Java 1.8.0_211 on LAPTOP-7T3VQL9G with PID 16604 (E:\ghmall_workspace\ghmall-server\target\classes started by Gahui_Liao in E:\ghmall_workspace\ghmall-server)
2021-02-04 === [main] === INFO  === com.gahui.ghmall.server.GhmallServerApplication ==== The following profiles are active: dev
2021-02-04 === [main] === INFO  === o.s.boot.web.embedded.tomcat.TomcatWebServer ==== Tomcat initialized with port(s): 8118 (http)
2021-02-04 === [main] === INFO  === org.apache.coyote.http11.Http11NioProtocol ==== Initializing ProtocolHandler ["http-nio-8118"]
2021-02-04 === [main] === INFO  === org.apache.catalina.core.StandardService ==== Starting service [Tomcat]
2021-02-04 === [main] === INFO  === org.apache.catalina.core.StandardEngine ==== Starting Servlet engine: [Apache Tomcat/9.0.41]
2021-02-04 === [main] === INFO  === o.a.c.c.C.[Tomcat].[localhost].[/ghmall] ==== Initializing Spring embedded WebApplicationContext
2021-02-04 === [main] === INFO  === o.s.b.w.s.c.ServletWebServerApplicationContext ==== Root WebApplicationContext: initialization completed in 2711 ms
2021-02-04 === [main] === INFO  === o.s.scheduling.concurrent.ThreadPoolTaskScheduler ==== Initializing ExecutorService 'taskScheduler'
2021-02-04 === [main] === INFO  === org.apache.coyote.http11.Http11NioProtocol ==== Starting ProtocolHandler ["http-nio-8118"]
2021-02-04 === [main] === INFO  === o.s.boot.web.embedded.tomcat.TomcatWebServer ==== Tomcat started on port(s): 8118 (http) with context path '/ghmall'
2021-02-04 === [main] === INFO  === com.gahui.ghmall.server.GhmallServerApplication ==== Started GhmallServerApplication in 6.292 seconds (JVM running for 10.012)
2021-02-04 === [main] === INFO  === com.gahui.ghmall.server.GhmallServerApplication ==== Starting GhmallServerApplication using Java 1.8.0_211 on LAPTOP-7T3VQL9G with PID 8964 (E:\ghmall_workspace\ghmall-server\target\classes started by Gahui_Liao in E:\ghmall_workspace\ghmall-server)
2021-02-04 === [main] === INFO  === com.gahui.ghmall.server.GhmallServerApplication ==== The following profiles are active: dev
2021-02-04 === [main] === INFO  === o.s.boot.web.embedded.tomcat.TomcatWebServer ==== Tomcat initialized with port(s): 8118 (http)
2021-02-04 === [main] === INFO  === org.apache.coyote.http11.Http11NioProtocol ==== Initializing ProtocolHandler ["http-nio-8118"]
2021-02-04 === [main] === INFO  === org.apache.catalina.core.StandardService ==== Starting service [Tomcat]
2021-02-04 === [main] === INFO  === org.apache.catalina.core.StandardEngine ==== Starting Servlet engine: [Apache Tomcat/9.0.41]
2021-02-04 === [main] === INFO  === o.a.c.c.C.[Tomcat].[localhost].[/ghmall] ==== Initializing Spring embedded WebApplicationContext
2021-02-04 === [main] === INFO  === o.s.b.w.s.c.ServletWebServerApplicationContext ==== Root WebApplicationContext: initialization completed in 3837 ms
2021-02-04 === [main] === INFO  === o.s.scheduling.concurrent.ThreadPoolTaskScheduler ==== Initializing ExecutorService 'taskScheduler'
2021-02-04 === [main] === INFO  === org.apache.coyote.http11.Http11NioProtocol ==== Starting ProtocolHandler ["http-nio-8118"]
2021-02-04 === [main] === INFO  === o.s.boot.web.embedded.tomcat.TomcatWebServer ==== Tomcat started on port(s): 8118 (http) with context path '/ghmall'
2021-02-04 === [main] === INFO  === com.gahui.ghmall.server.GhmallServerApplication ==== Started GhmallServerApplication in 9.431 seconds (JVM running for 15.59)
2021-02-04 === [main] === INFO  === com.gahui.ghmall.server.GhmallServerApplication ==== Starting GhmallServerApplication using Java 1.8.0_211 on LAPTOP-7T3VQL9G with PID 20616 (E:\ghmall_workspace\ghmall-server\target\classes started by Gahui_Liao in E:\ghmall_workspace\ghmall-server)
2021-02-04 === [main] === INFO  === com.gahui.ghmall.server.GhmallServerApplication ==== The following profiles are active: dev
2021-02-04 === [main] === INFO  === o.s.boot.web.embedded.tomcat.TomcatWebServer ==== Tomcat initialized with port(s): 8118 (http)
2021-02-04 === [main] === INFO  === org.apache.coyote.http11.Http11NioProtocol ==== Initializing ProtocolHandler ["http-nio-8118"]
2021-02-04 === [main] === INFO  === org.apache.catalina.core.StandardService ==== Starting service [Tomcat]
2021-02-04 === [main] === INFO  === org.apache.catalina.core.StandardEngine ==== Starting Servlet engine: [Apache Tomcat/9.0.41]
2021-02-04 === [main] === INFO  === o.a.c.c.C.[Tomcat].[localhost].[/ghmall] ==== Initializing Spring embedded WebApplicationContext
2021-02-04 === [main] === INFO  === o.s.b.w.s.c.ServletWebServerApplicationContext ==== Root WebApplicationContext: initialization completed in 2732 ms
2021-02-04 === [main] === INFO  === o.s.scheduling.concurrent.ThreadPoolTaskScheduler ==== Initializing ExecutorService 'taskScheduler'
2021-02-04 === [main] === INFO  === org.apache.coyote.http11.Http11NioProtocol ==== Starting ProtocolHandler ["http-nio-8118"]
2021-02-04 === [main] === INFO  === o.s.boot.web.embedded.tomcat.TomcatWebServer ==== Tomcat started on port(s): 8118 (http) with context path '/ghmall'
2021-02-04 === [main] === INFO  === com.gahui.ghmall.server.GhmallServerApplication ==== Started GhmallServerApplication in 6.591 seconds (JVM running for 10.343)
