2021-02-05 === [main] === INFO  === com.gahui.ghmall.server.GhmallServerApplication ==== Starting GhmallServerApplication using Java 1.8.0_211 on LAPTOP-7T3VQL9G with PID 13508 (E:\ghmall_workspace\ghmall-server\target\classes started by Gahui_Liao in E:\ghmall_workspace\ghmall-server)
2021-02-05 === [main] === INFO  === com.gahui.ghmall.server.GhmallServerApplication ==== The following profiles are active: dev
2021-02-05 === [main] === INFO  === o.s.boot.web.embedded.tomcat.TomcatWebServer ==== Tomcat initialized with port(s): 8118 (http)
2021-02-05 === [main] === INFO  === org.apache.coyote.http11.Http11NioProtocol ==== Initializing ProtocolHandler ["http-nio-8118"]
2021-02-05 === [main] === INFO  === org.apache.catalina.core.StandardService ==== Starting service [Tomcat]
2021-02-05 === [main] === INFO  === org.apache.catalina.core.StandardEngine ==== Starting Servlet engine: [Apache Tomcat/9.0.41]
2021-02-05 === [main] === INFO  === o.a.c.c.C.[Tomcat].[localhost].[/ghmall] ==== Initializing Spring embedded WebApplicationContext
2021-02-05 === [main] === INFO  === o.s.b.w.s.c.ServletWebServerApplicationContext ==== Root WebApplicationContext: initialization completed in 3248 ms
2021-02-05 === [main] === INFO  === o.s.scheduling.concurrent.ThreadPoolTaskScheduler ==== Initializing ExecutorService 'taskScheduler'
2021-02-05 === [main] === INFO  === org.apache.coyote.http11.Http11NioProtocol ==== Starting ProtocolHandler ["http-nio-8118"]
2021-02-05 === [main] === INFO  === o.s.boot.web.embedded.tomcat.TomcatWebServer ==== Tomcat started on port(s): 8118 (http) with context path '/ghmall'
2021-02-05 === [main] === INFO  === com.gahui.ghmall.server.GhmallServerApplication ==== Started GhmallServerApplication in 7.773 seconds (JVM running for 12.712)
2021-02-05 === [http-nio-8118-exec-1] === INFO  === o.a.c.c.C.[Tomcat].[localhost].[/ghmall] ==== Initializing Spring DispatcherServlet 'dispatcherServlet'
2021-02-05 === [http-nio-8118-exec-1] === INFO  === org.springframework.web.servlet.DispatcherServlet ==== Initializing Servlet 'dispatcherServlet'
2021-02-05 === [http-nio-8118-exec-1] === INFO  === org.springframework.web.servlet.DispatcherServlet ==== Completed initialization in 2 ms
2021-02-05 === [http-nio-8118-exec-1] === INFO  === com.gahui.ghmall.server.aop.PvAop ==== remote request addr ===> 127.0.0.1
2021-02-05 === [http-nio-8118-exec-2] === INFO  === com.gahui.ghmall.server.aop.PvAop ==== remote request addr ===> 127.0.0.1
2021-02-05 === [main] === INFO  === com.gahui.ghmall.server.GhmallServerApplication ==== Starting GhmallServerApplication using Java 1.8.0_211 on LAPTOP-7T3VQL9G with PID 8520 (E:\ghmall_workspace\ghmall-server\target\classes started by Gahui_Liao in E:\ghmall_workspace\ghmall-server)
2021-02-05 === [main] === INFO  === com.gahui.ghmall.server.GhmallServerApplication ==== The following profiles are active: dev
2021-02-05 === [main] === INFO  === o.s.boot.web.embedded.tomcat.TomcatWebServer ==== Tomcat initialized with port(s): 8118 (http)
2021-02-05 === [main] === INFO  === org.apache.coyote.http11.Http11NioProtocol ==== Initializing ProtocolHandler ["http-nio-8118"]
2021-02-05 === [main] === INFO  === org.apache.catalina.core.StandardService ==== Starting service [Tomcat]
2021-02-05 === [main] === INFO  === org.apache.catalina.core.StandardEngine ==== Starting Servlet engine: [Apache Tomcat/9.0.41]
2021-02-05 === [main] === INFO  === o.a.c.c.C.[Tomcat].[localhost].[/ghmall] ==== Initializing Spring embedded WebApplicationContext
2021-02-05 === [main] === INFO  === o.s.b.w.s.c.ServletWebServerApplicationContext ==== Root WebApplicationContext: initialization completed in 2479 ms
2021-02-05 === [main] === INFO  === o.s.scheduling.concurrent.ThreadPoolTaskScheduler ==== Initializing ExecutorService 'taskScheduler'
2021-02-05 === [main] === INFO  === org.apache.coyote.http11.Http11NioProtocol ==== Starting ProtocolHandler ["http-nio-8118"]
2021-02-05 === [main] === INFO  === o.s.boot.web.embedded.tomcat.TomcatWebServer ==== Tomcat started on port(s): 8118 (http) with context path '/ghmall'
2021-02-05 === [main] === INFO  === com.gahui.ghmall.server.GhmallServerApplication ==== Started GhmallServerApplication in 5.983 seconds (JVM running for 9.398)
2021-02-05 === [http-nio-8118-exec-1] === INFO  === o.a.c.c.C.[Tomcat].[localhost].[/ghmall] ==== Initializing Spring DispatcherServlet 'dispatcherServlet'
2021-02-05 === [http-nio-8118-exec-1] === INFO  === org.springframework.web.servlet.DispatcherServlet ==== Initializing Servlet 'dispatcherServlet'
2021-02-05 === [http-nio-8118-exec-1] === INFO  === org.springframework.web.servlet.DispatcherServlet ==== Completed initialization in 2 ms
2021-02-05 === [http-nio-8118-exec-1] === INFO  === com.gahui.ghmall.server.aop.PvAop ==== remote request addr ===> 127.0.0.1
2021-02-05 === [http-nio-8118-exec-2] === INFO  === com.gahui.ghmall.server.aop.PvAop ==== remote request addr ===> 127.0.0.1
2021-02-05 === [http-nio-8118-exec-3] === INFO  === com.gahui.ghmall.server.aop.PvAop ==== remote request addr ===> 127.0.0.1
2021-02-05 === [main] === INFO  === com.gahui.ghmall.server.GhmallServerApplication ==== Starting GhmallServerApplication using Java 1.8.0_211 on LAPTOP-7T3VQL9G with PID 15440 (E:\ghmall_workspace\ghmall-server\target\classes started by Gahui_Liao in E:\ghmall_workspace\ghmall-server)
2021-02-05 === [main] === INFO  === com.gahui.ghmall.server.GhmallServerApplication ==== The following profiles are active: dev
2021-02-05 === [main] === INFO  === o.s.boot.web.embedded.tomcat.TomcatWebServer ==== Tomcat initialized with port(s): 8118 (http)
2021-02-05 === [main] === INFO  === org.apache.coyote.http11.Http11NioProtocol ==== Initializing ProtocolHandler ["http-nio-8118"]
2021-02-05 === [main] === INFO  === org.apache.catalina.core.StandardService ==== Starting service [Tomcat]
2021-02-05 === [main] === INFO  === org.apache.catalina.core.StandardEngine ==== Starting Servlet engine: [Apache Tomcat/9.0.41]
2021-02-05 === [main] === INFO  === o.a.c.c.C.[Tomcat].[localhost].[/ghmall] ==== Initializing Spring embedded WebApplicationContext
2021-02-05 === [main] === INFO  === o.s.b.w.s.c.ServletWebServerApplicationContext ==== Root WebApplicationContext: initialization completed in 2563 ms
2021-02-05 === [main] === INFO  === o.s.scheduling.concurrent.ThreadPoolTaskScheduler ==== Initializing ExecutorService 'taskScheduler'
2021-02-05 === [main] === INFO  === org.apache.coyote.http11.Http11NioProtocol ==== Starting ProtocolHandler ["http-nio-8118"]
2021-02-05 === [main] === INFO  === o.s.boot.web.embedded.tomcat.TomcatWebServer ==== Tomcat started on port(s): 8118 (http) with context path '/ghmall'
2021-02-05 === [main] === INFO  === com.gahui.ghmall.server.GhmallServerApplication ==== Started GhmallServerApplication in 6.334 seconds (JVM running for 9.827)
2021-02-05 === [http-nio-8118-exec-1] === INFO  === o.a.c.c.C.[Tomcat].[localhost].[/ghmall] ==== Initializing Spring DispatcherServlet 'dispatcherServlet'
2021-02-05 === [http-nio-8118-exec-1] === INFO  === org.springframework.web.servlet.DispatcherServlet ==== Initializing Servlet 'dispatcherServlet'
2021-02-05 === [http-nio-8118-exec-1] === INFO  === org.springframework.web.servlet.DispatcherServlet ==== Completed initialization in 1 ms
2021-02-05 === [http-nio-8118-exec-1] === INFO  === com.gahui.ghmall.server.aop.PvAop ==== remote request addr ===> 127.0.0.1
2021-02-05 === [http-nio-8118-exec-2] === INFO  === com.gahui.ghmall.server.aop.PvAop ==== remote request addr ===> 127.0.0.1
2021-02-05 === [http-nio-8118-exec-3] === INFO  === com.gahui.ghmall.server.aop.PvAop ==== remote request addr ===> 127.0.0.1
2021-02-05 === [http-nio-8118-exec-4] === INFO  === com.gahui.ghmall.server.aop.PvAop ==== remote request addr ===> 127.0.0.1
2021-02-05 === [http-nio-8118-exec-5] === INFO  === com.gahui.ghmall.server.aop.PvAop ==== remote request addr ===> 127.0.0.1
2021-02-05 === [http-nio-8118-exec-6] === INFO  === com.gahui.ghmall.server.aop.PvAop ==== remote request addr ===> 127.0.0.1
2021-02-05 === [http-nio-8118-exec-7] === INFO  === com.gahui.ghmall.server.aop.PvAop ==== remote request addr ===> 127.0.0.1
2021-02-05 === [http-nio-8118-exec-8] === INFO  === com.gahui.ghmall.server.aop.PvAop ==== remote request addr ===> 127.0.0.1
2021-02-05 === [http-nio-8118-exec-9] === INFO  === com.gahui.ghmall.server.aop.PvAop ==== remote request addr ===> 127.0.0.1
2021-02-05 === [main] === INFO  === com.gahui.ghmall.server.GhmallServerApplication ==== Starting GhmallServerApplication using Java 1.8.0_211 on LAPTOP-7T3VQL9G with PID 13376 (E:\ghmall_workspace\ghmall-server\target\classes started by Gahui_Liao in E:\ghmall_workspace\ghmall-server)
2021-02-05 === [main] === INFO  === com.gahui.ghmall.server.GhmallServerApplication ==== The following profiles are active: dev
2021-02-05 === [main] === INFO  === o.s.boot.web.embedded.tomcat.TomcatWebServer ==== Tomcat initialized with port(s): 8118 (http)
2021-02-05 === [main] === INFO  === org.apache.coyote.http11.Http11NioProtocol ==== Initializing ProtocolHandler ["http-nio-8118"]
2021-02-05 === [main] === INFO  === org.apache.catalina.core.StandardService ==== Starting service [Tomcat]
2021-02-05 === [main] === INFO  === org.apache.catalina.core.StandardEngine ==== Starting Servlet engine: [Apache Tomcat/9.0.41]
2021-02-05 === [main] === INFO  === o.a.c.c.C.[Tomcat].[localhost].[/ghmall] ==== Initializing Spring embedded WebApplicationContext
2021-02-05 === [main] === INFO  === o.s.b.w.s.c.ServletWebServerApplicationContext ==== Root WebApplicationContext: initialization completed in 2646 ms
2021-02-05 === [main] === INFO  === o.s.scheduling.concurrent.ThreadPoolTaskScheduler ==== Initializing ExecutorService 'taskScheduler'
2021-02-05 === [main] === INFO  === org.apache.coyote.http11.Http11NioProtocol ==== Starting ProtocolHandler ["http-nio-8118"]
2021-02-05 === [main] === INFO  === o.s.boot.web.embedded.tomcat.TomcatWebServer ==== Tomcat started on port(s): 8118 (http) with context path '/ghmall'
2021-02-05 === [main] === INFO  === com.gahui.ghmall.server.GhmallServerApplication ==== Started GhmallServerApplication in 6.523 seconds (JVM running for 10.382)
2021-02-05 === [http-nio-8118-exec-1] === INFO  === o.a.c.c.C.[Tomcat].[localhost].[/ghmall] ==== Initializing Spring DispatcherServlet 'dispatcherServlet'
2021-02-05 === [http-nio-8118-exec-1] === INFO  === org.springframework.web.servlet.DispatcherServlet ==== Initializing Servlet 'dispatcherServlet'
2021-02-05 === [http-nio-8118-exec-1] === INFO  === org.springframework.web.servlet.DispatcherServlet ==== Completed initialization in 1 ms
2021-02-05 === [http-nio-8118-exec-1] === INFO  === com.gahui.ghmall.server.aop.PvAop ==== remote request addr ===> 127.0.0.1
2021-02-05 === [main] === INFO  === com.gahui.ghmall.server.GhmallServerApplication ==== Starting GhmallServerApplication using Java 1.8.0_211 on LAPTOP-7T3VQL9G with PID 17104 (E:\ghmall_workspace\ghmall-server\target\classes started by Gahui_Liao in E:\ghmall_workspace\ghmall-server)
2021-02-05 === [main] === INFO  === com.gahui.ghmall.server.GhmallServerApplication ==== The following profiles are active: dev
2021-02-05 === [main] === INFO  === o.s.boot.web.embedded.tomcat.TomcatWebServer ==== Tomcat initialized with port(s): 8118 (http)
2021-02-05 === [main] === INFO  === org.apache.coyote.http11.Http11NioProtocol ==== Initializing ProtocolHandler ["http-nio-8118"]
2021-02-05 === [main] === INFO  === org.apache.catalina.core.StandardService ==== Starting service [Tomcat]
2021-02-05 === [main] === INFO  === org.apache.catalina.core.StandardEngine ==== Starting Servlet engine: [Apache Tomcat/9.0.41]
2021-02-05 === [main] === INFO  === o.a.c.c.C.[Tomcat].[localhost].[/ghmall] ==== Initializing Spring embedded WebApplicationContext
2021-02-05 === [main] === INFO  === o.s.b.w.s.c.ServletWebServerApplicationContext ==== Root WebApplicationContext: initialization completed in 3216 ms
2021-02-05 === [main] === INFO  === o.s.scheduling.concurrent.ThreadPoolTaskScheduler ==== Initializing ExecutorService 'taskScheduler'
2021-02-05 === [main] === INFO  === org.apache.coyote.http11.Http11NioProtocol ==== Starting ProtocolHandler ["http-nio-8118"]
2021-02-05 === [main] === INFO  === o.s.boot.web.embedded.tomcat.TomcatWebServer ==== Tomcat started on port(s): 8118 (http) with context path '/ghmall'
2021-02-05 === [main] === INFO  === com.gahui.ghmall.server.GhmallServerApplication ==== Started GhmallServerApplication in 7.585 seconds (JVM running for 11.053)
2021-02-05 === [http-nio-8118-exec-1] === INFO  === o.a.c.c.C.[Tomcat].[localhost].[/ghmall] ==== Initializing Spring DispatcherServlet 'dispatcherServlet'
2021-02-05 === [http-nio-8118-exec-1] === INFO  === org.springframework.web.servlet.DispatcherServlet ==== Initializing Servlet 'dispatcherServlet'
2021-02-05 === [http-nio-8118-exec-1] === INFO  === org.springframework.web.servlet.DispatcherServlet ==== Completed initialization in 1 ms
2021-02-05 === [http-nio-8118-exec-1] === INFO  === com.gahui.ghmall.server.aop.PvAop ==== remote request addr ===> 127.0.0.1
2021-02-05 === [http-nio-8118-exec-2] === INFO  === com.gahui.ghmall.server.aop.PvAop ==== remote request addr ===> 127.0.0.1
2021-02-05 === [http-nio-8118-exec-3] === INFO  === com.gahui.ghmall.server.aop.PvAop ==== remote request addr ===> 127.0.0.1
2021-02-05 === [http-nio-8118-exec-7] === INFO  === com.gahui.ghmall.server.aop.PvAop ==== remote request addr ===> 127.0.0.1
2021-02-05 === [http-nio-8118-exec-5] === INFO  === com.gahui.ghmall.server.aop.PvAop ==== remote request addr ===> 127.0.0.1
2021-02-05 === [http-nio-8118-exec-6] === INFO  === com.gahui.ghmall.server.aop.PvAop ==== remote request addr ===> 127.0.0.1
2021-02-05 === [http-nio-8118-exec-4] === INFO  === com.gahui.ghmall.server.aop.PvAop ==== remote request addr ===> 127.0.0.1
2021-02-05 === [http-nio-8118-exec-8] === INFO  === com.gahui.ghmall.server.aop.PvAop ==== remote request addr ===> 127.0.0.1
2021-02-05 === [http-nio-8118-exec-9] === INFO  === com.gahui.ghmall.server.aop.PvAop ==== remote request addr ===> 127.0.0.1
2021-02-05 === [http-nio-8118-exec-10] === INFO  === com.gahui.ghmall.server.aop.PvAop ==== remote request addr ===> 127.0.0.1
2021-02-05 === [main] === INFO  === com.gahui.ghmall.server.GhmallServerApplication ==== Starting GhmallServerApplication using Java 1.8.0_211 on LAPTOP-7T3VQL9G with PID 15716 (E:\ghmall_workspace\ghmall-server\target\classes started by Gahui_Liao in E:\ghmall_workspace\ghmall-server)
2021-02-05 === [main] === INFO  === com.gahui.ghmall.server.GhmallServerApplication ==== The following profiles are active: dev
2021-02-05 === [main] === INFO  === o.s.boot.web.embedded.tomcat.TomcatWebServer ==== Tomcat initialized with port(s): 8118 (http)
2021-02-05 === [main] === INFO  === org.apache.coyote.http11.Http11NioProtocol ==== Initializing ProtocolHandler ["http-nio-8118"]
2021-02-05 === [main] === INFO  === org.apache.catalina.core.StandardService ==== Starting service [Tomcat]
2021-02-05 === [main] === INFO  === org.apache.catalina.core.StandardEngine ==== Starting Servlet engine: [Apache Tomcat/9.0.41]
2021-02-05 === [main] === INFO  === o.a.c.c.C.[Tomcat].[localhost].[/ghmall] ==== Initializing Spring embedded WebApplicationContext
2021-02-05 === [main] === INFO  === o.s.b.w.s.c.ServletWebServerApplicationContext ==== Root WebApplicationContext: initialization completed in 2537 ms
2021-02-05 === [main] === INFO  === o.s.scheduling.concurrent.ThreadPoolTaskScheduler ==== Initializing ExecutorService 'taskScheduler'
2021-02-05 === [main] === INFO  === org.apache.coyote.http11.Http11NioProtocol ==== Starting ProtocolHandler ["http-nio-8118"]
2021-02-05 === [main] === INFO  === o.s.boot.web.embedded.tomcat.TomcatWebServer ==== Tomcat started on port(s): 8118 (http) with context path '/ghmall'
2021-02-05 === [main] === INFO  === com.gahui.ghmall.server.GhmallServerApplication ==== Started GhmallServerApplication in 6.016 seconds (JVM running for 9.705)
2021-02-05 === [http-nio-8118-exec-1] === INFO  === o.a.c.c.C.[Tomcat].[localhost].[/ghmall] ==== Initializing Spring DispatcherServlet 'dispatcherServlet'
2021-02-05 === [http-nio-8118-exec-1] === INFO  === org.springframework.web.servlet.DispatcherServlet ==== Initializing Servlet 'dispatcherServlet'
2021-02-05 === [http-nio-8118-exec-1] === INFO  === org.springframework.web.servlet.DispatcherServlet ==== Completed initialization in 1 ms
2021-02-05 === [http-nio-8118-exec-1] === INFO  === com.gahui.ghmall.server.aop.PvAop ==== remote request addr ===> 127.0.0.1
2021-02-05 === [http-nio-8118-exec-2] === INFO  === com.gahui.ghmall.server.aop.PvAop ==== remote request addr ===> 127.0.0.1
2021-02-05 === [http-nio-8118-exec-3] === INFO  === com.gahui.ghmall.server.aop.PvAop ==== remote request addr ===> 127.0.0.1
2021-02-05 === [http-nio-8118-exec-4] === INFO  === com.gahui.ghmall.server.aop.PvAop ==== remote request addr ===> 127.0.0.1
2021-02-05 === [http-nio-8118-exec-8] === INFO  === com.gahui.ghmall.server.aop.PvAop ==== remote request addr ===> 127.0.0.1
2021-02-05 === [http-nio-8118-exec-6] === INFO  === com.gahui.ghmall.server.aop.PvAop ==== remote request addr ===> 127.0.0.1
2021-02-05 === [main] === INFO  === com.gahui.ghmall.server.GhmallServerApplication ==== Starting GhmallServerApplication using Java 1.8.0_211 on LAPTOP-7T3VQL9G with PID 19484 (E:\ghmall_workspace\ghmall-server\target\classes started by Gahui_Liao in E:\ghmall_workspace\ghmall-server)
2021-02-05 === [main] === INFO  === com.gahui.ghmall.server.GhmallServerApplication ==== The following profiles are active: dev
2021-02-05 === [main] === INFO  === o.s.boot.web.embedded.tomcat.TomcatWebServer ==== Tomcat initialized with port(s): 8118 (http)
2021-02-05 === [main] === INFO  === org.apache.coyote.http11.Http11NioProtocol ==== Initializing ProtocolHandler ["http-nio-8118"]
2021-02-05 === [main] === INFO  === org.apache.catalina.core.StandardService ==== Starting service [Tomcat]
2021-02-05 === [main] === INFO  === org.apache.catalina.core.StandardEngine ==== Starting Servlet engine: [Apache Tomcat/9.0.41]
2021-02-05 === [main] === INFO  === o.a.c.c.C.[Tomcat].[localhost].[/ghmall] ==== Initializing Spring embedded WebApplicationContext
2021-02-05 === [main] === INFO  === o.s.b.w.s.c.ServletWebServerApplicationContext ==== Root WebApplicationContext: initialization completed in 2742 ms
2021-02-05 === [main] === INFO  === o.s.scheduling.concurrent.ThreadPoolTaskScheduler ==== Initializing ExecutorService 'taskScheduler'
2021-02-05 === [main] === INFO  === org.apache.coyote.http11.Http11NioProtocol ==== Starting ProtocolHandler ["http-nio-8118"]
2021-02-05 === [main] === INFO  === o.s.boot.web.embedded.tomcat.TomcatWebServer ==== Tomcat started on port(s): 8118 (http) with context path '/ghmall'
2021-02-05 === [main] === INFO  === com.gahui.ghmall.server.GhmallServerApplication ==== Started GhmallServerApplication in 6.356 seconds (JVM running for 9.942)
2021-02-05 === [http-nio-8118-exec-1] === INFO  === o.a.c.c.C.[Tomcat].[localhost].[/ghmall] ==== Initializing Spring DispatcherServlet 'dispatcherServlet'
2021-02-05 === [http-nio-8118-exec-1] === INFO  === org.springframework.web.servlet.DispatcherServlet ==== Initializing Servlet 'dispatcherServlet'
2021-02-05 === [http-nio-8118-exec-1] === INFO  === org.springframework.web.servlet.DispatcherServlet ==== Completed initialization in 1 ms
2021-02-05 === [http-nio-8118-exec-1] === INFO  === com.gahui.ghmall.server.aop.PvAop ==== remote request addr ===> 127.0.0.1
2021-02-05 === [main] === INFO  === com.gahui.ghmall.server.GhmallServerApplication ==== Starting GhmallServerApplication using Java 1.8.0_211 on LAPTOP-7T3VQL9G with PID 10604 (E:\ghmall_workspace\ghmall-server\target\classes started by Gahui_Liao in E:\ghmall_workspace\ghmall-server)
2021-02-05 === [main] === INFO  === com.gahui.ghmall.server.GhmallServerApplication ==== The following profiles are active: dev
2021-02-05 === [main] === INFO  === o.s.boot.web.embedded.tomcat.TomcatWebServer ==== Tomcat initialized with port(s): 8118 (http)
2021-02-05 === [main] === INFO  === org.apache.coyote.http11.Http11NioProtocol ==== Initializing ProtocolHandler ["http-nio-8118"]
2021-02-05 === [main] === INFO  === org.apache.catalina.core.StandardService ==== Starting service [Tomcat]
2021-02-05 === [main] === INFO  === org.apache.catalina.core.StandardEngine ==== Starting Servlet engine: [Apache Tomcat/9.0.41]
2021-02-05 === [main] === INFO  === o.a.c.c.C.[Tomcat].[localhost].[/ghmall] ==== Initializing Spring embedded WebApplicationContext
2021-02-05 === [main] === INFO  === o.s.b.w.s.c.ServletWebServerApplicationContext ==== Root WebApplicationContext: initialization completed in 2564 ms
2021-02-05 === [main] === INFO  === o.s.scheduling.concurrent.ThreadPoolTaskScheduler ==== Initializing ExecutorService 'taskScheduler'
2021-02-05 === [main] === INFO  === org.apache.coyote.http11.Http11NioProtocol ==== Starting ProtocolHandler ["http-nio-8118"]
2021-02-05 === [main] === INFO  === o.s.boot.web.embedded.tomcat.TomcatWebServer ==== Tomcat started on port(s): 8118 (http) with context path '/ghmall'
2021-02-05 === [main] === INFO  === com.gahui.ghmall.server.GhmallServerApplication ==== Started GhmallServerApplication in 6.063 seconds (JVM running for 9.645)
2021-02-05 === [http-nio-8118-exec-1] === INFO  === o.a.c.c.C.[Tomcat].[localhost].[/ghmall] ==== Initializing Spring DispatcherServlet 'dispatcherServlet'
2021-02-05 === [http-nio-8118-exec-1] === INFO  === org.springframework.web.servlet.DispatcherServlet ==== Initializing Servlet 'dispatcherServlet'
2021-02-05 === [http-nio-8118-exec-1] === INFO  === org.springframework.web.servlet.DispatcherServlet ==== Completed initialization in 2 ms
2021-02-05 === [http-nio-8118-exec-1] === INFO  === com.gahui.ghmall.server.aop.PvAop ==== remote request addr ===> 127.0.0.1
2021-02-05 === [http-nio-8118-exec-2] === INFO  === com.gahui.ghmall.server.aop.PvAop ==== remote request addr ===> 127.0.0.1
2021-02-05 === [http-nio-8118-exec-4] === INFO  === com.gahui.ghmall.server.aop.PvAop ==== remote request addr ===> 127.0.0.1
2021-02-05 === [http-nio-8118-exec-6] === INFO  === com.gahui.ghmall.server.aop.PvAop ==== remote request addr ===> 127.0.0.1
2021-02-05 === [http-nio-8118-exec-8] === INFO  === com.gahui.ghmall.server.aop.PvAop ==== remote request addr ===> 127.0.0.1
2021-02-05 === [http-nio-8118-exec-10] === INFO  === com.gahui.ghmall.server.aop.PvAop ==== remote request addr ===> 127.0.0.1
2021-02-05 === [http-nio-8118-exec-2] === INFO  === com.gahui.ghmall.server.aop.PvAop ==== remote request addr ===> 127.0.0.1
2021-02-05 === [http-nio-8118-exec-4] === INFO  === com.gahui.ghmall.server.aop.PvAop ==== remote request addr ===> 127.0.0.1
2021-02-05 === [http-nio-8118-exec-6] === INFO  === com.gahui.ghmall.server.aop.PvAop ==== remote request addr ===> 127.0.0.1
2021-02-05 === [http-nio-8118-exec-8] === INFO  === com.gahui.ghmall.server.aop.PvAop ==== remote request addr ===> 127.0.0.1
2021-02-05 === [http-nio-8118-exec-10] === INFO  === com.gahui.ghmall.server.aop.PvAop ==== remote request addr ===> 127.0.0.1
2021-02-05 === [main] === INFO  === com.gahui.ghmall.server.GhmallServerApplication ==== Starting GhmallServerApplication using Java 1.8.0_211 on LAPTOP-7T3VQL9G with PID 21008 (E:\ghmall_workspace\ghmall-server\target\classes started by Gahui_Liao in E:\ghmall_workspace\ghmall-server)
2021-02-05 === [main] === INFO  === com.gahui.ghmall.server.GhmallServerApplication ==== The following profiles are active: dev
2021-02-05 === [main] === INFO  === o.s.boot.web.embedded.tomcat.TomcatWebServer ==== Tomcat initialized with port(s): 8118 (http)
2021-02-05 === [main] === INFO  === org.apache.coyote.http11.Http11NioProtocol ==== Initializing ProtocolHandler ["http-nio-8118"]
2021-02-05 === [main] === INFO  === org.apache.catalina.core.StandardService ==== Starting service [Tomcat]
2021-02-05 === [main] === INFO  === org.apache.catalina.core.StandardEngine ==== Starting Servlet engine: [Apache Tomcat/9.0.41]
2021-02-05 === [main] === INFO  === o.a.c.c.C.[Tomcat].[localhost].[/ghmall] ==== Initializing Spring embedded WebApplicationContext
2021-02-05 === [main] === INFO  === o.s.b.w.s.c.ServletWebServerApplicationContext ==== Root WebApplicationContext: initialization completed in 1225 ms
2021-02-05 === [main] === INFO  === o.s.scheduling.concurrent.ThreadPoolTaskScheduler ==== Initializing ExecutorService 'taskScheduler'
2021-02-05 === [main] === INFO  === org.apache.coyote.http11.Http11NioProtocol ==== Starting ProtocolHandler ["http-nio-8118"]
2021-02-05 === [main] === INFO  === o.s.boot.web.embedded.tomcat.TomcatWebServer ==== Tomcat started on port(s): 8118 (http) with context path '/ghmall'
2021-02-05 === [main] === INFO  === com.gahui.ghmall.server.GhmallServerApplication ==== Started GhmallServerApplication in 2.701 seconds (JVM running for 4.369)
2021-02-05 === [http-nio-8118-exec-1] === INFO  === o.a.c.c.C.[Tomcat].[localhost].[/ghmall] ==== Initializing Spring DispatcherServlet 'dispatcherServlet'
2021-02-05 === [http-nio-8118-exec-1] === INFO  === org.springframework.web.servlet.DispatcherServlet ==== Initializing Servlet 'dispatcherServlet'
2021-02-05 === [http-nio-8118-exec-1] === INFO  === org.springframework.web.servlet.DispatcherServlet ==== Completed initialization in 1 ms
2021-02-05 === [http-nio-8118-exec-1] === INFO  === com.gahui.ghmall.server.aop.PvAop ==== remote request addr ===> 127.0.0.1
2021-02-05 === [http-nio-8118-exec-1] === INFO  === com.gahui.ghmall.server.aop.ControllerExceptionAop ==== controller访问异常，类名为===>com.gahui.ghmall.server.controller.TestController，方法名为===>test
2021-02-05 === [main] === INFO  === com.gahui.ghmall.server.GhmallServerApplication ==== Starting GhmallServerApplication using Java 1.8.0_211 on LAPTOP-7T3VQL9G with PID 3020 (E:\ghmall_workspace\ghmall-server\target\classes started by Gahui_Liao in E:\ghmall_workspace\ghmall-server)
2021-02-05 === [main] === INFO  === com.gahui.ghmall.server.GhmallServerApplication ==== The following profiles are active: dev
2021-02-05 === [main] === INFO  === o.s.boot.web.embedded.tomcat.TomcatWebServer ==== Tomcat initialized with port(s): 8118 (http)
2021-02-05 === [main] === INFO  === org.apache.coyote.http11.Http11NioProtocol ==== Initializing ProtocolHandler ["http-nio-8118"]
2021-02-05 === [main] === INFO  === org.apache.catalina.core.StandardService ==== Starting service [Tomcat]
2021-02-05 === [main] === INFO  === org.apache.catalina.core.StandardEngine ==== Starting Servlet engine: [Apache Tomcat/9.0.41]
2021-02-05 === [main] === INFO  === o.a.c.c.C.[Tomcat].[localhost].[/ghmall] ==== Initializing Spring embedded WebApplicationContext
2021-02-05 === [main] === INFO  === o.s.b.w.s.c.ServletWebServerApplicationContext ==== Root WebApplicationContext: initialization completed in 1387 ms
2021-02-05 === [main] === INFO  === o.s.scheduling.concurrent.ThreadPoolTaskScheduler ==== Initializing ExecutorService 'taskScheduler'
2021-02-05 === [main] === INFO  === org.apache.coyote.http11.Http11NioProtocol ==== Starting ProtocolHandler ["http-nio-8118"]
2021-02-05 === [main] === INFO  === o.s.boot.web.embedded.tomcat.TomcatWebServer ==== Tomcat started on port(s): 8118 (http) with context path '/ghmall'
2021-02-05 === [main] === INFO  === com.gahui.ghmall.server.GhmallServerApplication ==== Started GhmallServerApplication in 3.031 seconds (JVM running for 4.711)
2021-02-05 === [http-nio-8118-exec-1] === INFO  === o.a.c.c.C.[Tomcat].[localhost].[/ghmall] ==== Initializing Spring DispatcherServlet 'dispatcherServlet'
2021-02-05 === [http-nio-8118-exec-1] === INFO  === org.springframework.web.servlet.DispatcherServlet ==== Initializing Servlet 'dispatcherServlet'
2021-02-05 === [http-nio-8118-exec-1] === INFO  === org.springframework.web.servlet.DispatcherServlet ==== Completed initialization in 1 ms
2021-02-05 === [http-nio-8118-exec-1] === INFO  === com.gahui.ghmall.server.aop.PvAop ==== remote request addr ===> 127.0.0.1
2021-02-05 === [http-nio-8118-exec-1] === INFO  === com.gahui.ghmall.server.aop.ControllerExceptionAop ==== controller访问异常，类名为===>com.gahui.ghmall.server.controller.TestController，方法名为===>test
2021-02-05 === [main] === INFO  === com.gahui.ghmall.server.GhmallServerApplication ==== Starting GhmallServerApplication using Java 1.8.0_211 on LAPTOP-7T3VQL9G with PID 20608 (E:\ghmall_workspace\ghmall-server\target\classes started by Gahui_Liao in E:\ghmall_workspace\ghmall-server)
2021-02-05 === [main] === INFO  === com.gahui.ghmall.server.GhmallServerApplication ==== The following profiles are active: dev
2021-02-05 === [main] === INFO  === o.s.boot.web.embedded.tomcat.TomcatWebServer ==== Tomcat initialized with port(s): 8118 (http)
2021-02-05 === [main] === INFO  === org.apache.coyote.http11.Http11NioProtocol ==== Initializing ProtocolHandler ["http-nio-8118"]
2021-02-05 === [main] === INFO  === org.apache.catalina.core.StandardService ==== Starting service [Tomcat]
2021-02-05 === [main] === INFO  === org.apache.catalina.core.StandardEngine ==== Starting Servlet engine: [Apache Tomcat/9.0.41]
2021-02-05 === [main] === INFO  === o.a.c.c.C.[Tomcat].[localhost].[/ghmall] ==== Initializing Spring embedded WebApplicationContext
2021-02-05 === [main] === INFO  === o.s.b.w.s.c.ServletWebServerApplicationContext ==== Root WebApplicationContext: initialization completed in 1295 ms
2021-02-05 === [main] === INFO  === o.s.scheduling.concurrent.ThreadPoolTaskScheduler ==== Initializing ExecutorService 'taskScheduler'
2021-02-05 === [main] === INFO  === org.apache.coyote.http11.Http11NioProtocol ==== Starting ProtocolHandler ["http-nio-8118"]
2021-02-05 === [main] === INFO  === o.s.boot.web.embedded.tomcat.TomcatWebServer ==== Tomcat started on port(s): 8118 (http) with context path '/ghmall'
2021-02-05 === [main] === INFO  === com.gahui.ghmall.server.GhmallServerApplication ==== Started GhmallServerApplication in 2.894 seconds (JVM running for 4.586)
2021-02-05 === [http-nio-8118-exec-1] === INFO  === o.a.c.c.C.[Tomcat].[localhost].[/ghmall] ==== Initializing Spring DispatcherServlet 'dispatcherServlet'
2021-02-05 === [http-nio-8118-exec-1] === INFO  === org.springframework.web.servlet.DispatcherServlet ==== Initializing Servlet 'dispatcherServlet'
2021-02-05 === [http-nio-8118-exec-1] === INFO  === org.springframework.web.servlet.DispatcherServlet ==== Completed initialization in 1 ms
2021-02-05 === [http-nio-8118-exec-1] === INFO  === com.gahui.ghmall.server.aop.PvAop ==== remote request addr ===> 127.0.0.1
2021-02-05 === [http-nio-8118-exec-1] === INFO  === com.gahui.ghmall.server.aop.ControllerExceptionAop ==== controller访问异常，类名为===>com.gahui.ghmall.server.controller.TestController，方法名为===>test
2021-02-05 === [main] === INFO  === com.gahui.ghmall.server.GhmallServerApplication ==== Starting GhmallServerApplication using Java 1.8.0_211 on LAPTOP-7T3VQL9G with PID 18036 (E:\ghmall_workspace\ghmall-server\target\classes started by Gahui_Liao in E:\ghmall_workspace\ghmall-server)
2021-02-05 === [main] === INFO  === com.gahui.ghmall.server.GhmallServerApplication ==== The following profiles are active: dev
2021-02-05 === [main] === INFO  === o.s.boot.web.embedded.tomcat.TomcatWebServer ==== Tomcat initialized with port(s): 8118 (http)
2021-02-05 === [main] === INFO  === org.apache.coyote.http11.Http11NioProtocol ==== Initializing ProtocolHandler ["http-nio-8118"]
2021-02-05 === [main] === INFO  === org.apache.catalina.core.StandardService ==== Starting service [Tomcat]
2021-02-05 === [main] === INFO  === org.apache.catalina.core.StandardEngine ==== Starting Servlet engine: [Apache Tomcat/9.0.41]
2021-02-05 === [main] === INFO  === o.a.c.c.C.[Tomcat].[localhost].[/ghmall] ==== Initializing Spring embedded WebApplicationContext
2021-02-05 === [main] === INFO  === o.s.b.w.s.c.ServletWebServerApplicationContext ==== Root WebApplicationContext: initialization completed in 1637 ms
2021-02-05 === [main] === INFO  === o.s.scheduling.concurrent.ThreadPoolTaskScheduler ==== Initializing ExecutorService 'taskScheduler'
2021-02-05 === [main] === INFO  === org.apache.coyote.http11.Http11NioProtocol ==== Starting ProtocolHandler ["http-nio-8118"]
2021-02-05 === [main] === INFO  === o.s.boot.web.embedded.tomcat.TomcatWebServer ==== Tomcat started on port(s): 8118 (http) with context path '/ghmall'
2021-02-05 === [main] === INFO  === com.gahui.ghmall.server.GhmallServerApplication ==== Started GhmallServerApplication in 3.444 seconds (JVM running for 5.174)
2021-02-05 === [main] === INFO  === com.gahui.ghmall.server.GhmallServerApplication ==== Starting GhmallServerApplication using Java 1.8.0_211 on LAPTOP-7T3VQL9G with PID 10588 (E:\ghmall_workspace\ghmall-server\target\classes started by Gahui_Liao in E:\ghmall_workspace\ghmall-server)
2021-02-05 === [main] === INFO  === com.gahui.ghmall.server.GhmallServerApplication ==== The following profiles are active: dev
2021-02-05 === [main] === INFO  === o.s.boot.web.embedded.tomcat.TomcatWebServer ==== Tomcat initialized with port(s): 8118 (http)
2021-02-05 === [main] === INFO  === org.apache.coyote.http11.Http11NioProtocol ==== Initializing ProtocolHandler ["http-nio-8118"]
2021-02-05 === [main] === INFO  === org.apache.catalina.core.StandardService ==== Starting service [Tomcat]
2021-02-05 === [main] === INFO  === org.apache.catalina.core.StandardEngine ==== Starting Servlet engine: [Apache Tomcat/9.0.41]
2021-02-05 === [main] === INFO  === o.a.c.c.C.[Tomcat].[localhost].[/ghmall] ==== Initializing Spring embedded WebApplicationContext
2021-02-05 === [main] === INFO  === o.s.b.w.s.c.ServletWebServerApplicationContext ==== Root WebApplicationContext: initialization completed in 1253 ms
2021-02-05 === [main] === INFO  === o.s.scheduling.concurrent.ThreadPoolTaskScheduler ==== Initializing ExecutorService 'taskScheduler'
2021-02-05 === [main] === INFO  === org.apache.coyote.http11.Http11NioProtocol ==== Starting ProtocolHandler ["http-nio-8118"]
2021-02-05 === [main] === INFO  === o.s.boot.web.embedded.tomcat.TomcatWebServer ==== Tomcat started on port(s): 8118 (http) with context path '/ghmall'
2021-02-05 === [main] === INFO  === com.gahui.ghmall.server.GhmallServerApplication ==== Started GhmallServerApplication in 2.881 seconds (JVM running for 4.551)
2021-02-05 === [http-nio-8118-exec-1] === INFO  === o.a.c.c.C.[Tomcat].[localhost].[/ghmall] ==== Initializing Spring DispatcherServlet 'dispatcherServlet'
2021-02-05 === [http-nio-8118-exec-1] === INFO  === org.springframework.web.servlet.DispatcherServlet ==== Initializing Servlet 'dispatcherServlet'
2021-02-05 === [http-nio-8118-exec-1] === INFO  === org.springframework.web.servlet.DispatcherServlet ==== Completed initialization in 1 ms
2021-02-05 === [http-nio-8118-exec-1] === INFO  === com.gahui.ghmall.server.aop.PvAop ==== remote request addr ===> 127.0.0.1
2021-02-05 === [http-nio-8118-exec-1] === INFO  === com.gahui.ghmall.server.aop.ControllerExceptionAop ==== controller访问异常，类名为===>com.gahui.ghmall.server.controller.TestController，方法名为===>test
2021-02-05 === [main] === INFO  === com.gahui.ghmall.server.GhmallServerApplication ==== Starting GhmallServerApplication using Java 1.8.0_211 on LAPTOP-7T3VQL9G with PID 16204 (E:\ghmall_workspace\ghmall-server\target\classes started by Gahui_Liao in E:\ghmall_workspace\ghmall-server)
2021-02-05 === [main] === INFO  === com.gahui.ghmall.server.GhmallServerApplication ==== The following profiles are active: dev
2021-02-05 === [main] === INFO  === o.s.boot.web.embedded.tomcat.TomcatWebServer ==== Tomcat initialized with port(s): 8118 (http)
2021-02-05 === [main] === INFO  === org.apache.coyote.http11.Http11NioProtocol ==== Initializing ProtocolHandler ["http-nio-8118"]
2021-02-05 === [main] === INFO  === org.apache.catalina.core.StandardService ==== Starting service [Tomcat]
2021-02-05 === [main] === INFO  === org.apache.catalina.core.StandardEngine ==== Starting Servlet engine: [Apache Tomcat/9.0.41]
2021-02-05 === [main] === INFO  === o.a.c.c.C.[Tomcat].[localhost].[/ghmall] ==== Initializing Spring embedded WebApplicationContext
2021-02-05 === [main] === INFO  === o.s.b.w.s.c.ServletWebServerApplicationContext ==== Root WebApplicationContext: initialization completed in 1376 ms
2021-02-05 === [main] === INFO  === o.s.scheduling.concurrent.ThreadPoolTaskScheduler ==== Initializing ExecutorService 'taskScheduler'
2021-02-05 === [main] === INFO  === org.apache.coyote.http11.Http11NioProtocol ==== Starting ProtocolHandler ["http-nio-8118"]
2021-02-05 === [main] === INFO  === o.s.boot.web.embedded.tomcat.TomcatWebServer ==== Tomcat started on port(s): 8118 (http) with context path '/ghmall'
2021-02-05 === [main] === INFO  === com.gahui.ghmall.server.GhmallServerApplication ==== Started GhmallServerApplication in 3.004 seconds (JVM running for 4.697)
2021-02-05 === [http-nio-8118-exec-1] === INFO  === o.a.c.c.C.[Tomcat].[localhost].[/ghmall] ==== Initializing Spring DispatcherServlet 'dispatcherServlet'
2021-02-05 === [http-nio-8118-exec-1] === INFO  === org.springframework.web.servlet.DispatcherServlet ==== Initializing Servlet 'dispatcherServlet'
2021-02-05 === [http-nio-8118-exec-1] === INFO  === org.springframework.web.servlet.DispatcherServlet ==== Completed initialization in 1 ms
2021-02-05 === [http-nio-8118-exec-1] === INFO  === com.gahui.ghmall.server.aop.PvAop ==== remote request addr ===> 127.0.0.1
2021-02-05 === [http-nio-8118-exec-1] === INFO  === com.gahui.ghmall.server.aop.ControllerExceptionAop ==== controller访问异常，类名为===>com.gahui.ghmall.server.controller.TestController，方法名为===>test
2021-02-05 === [main] === INFO  === com.gahui.ghmall.server.GhmallServerApplication ==== Starting GhmallServerApplication using Java 1.8.0_211 on LAPTOP-7T3VQL9G with PID 13624 (E:\ghmall_workspace\ghmall-server\target\classes started by Gahui_Liao in E:\ghmall_workspace\ghmall-server)
2021-02-05 === [main] === INFO  === com.gahui.ghmall.server.GhmallServerApplication ==== The following profiles are active: dev
2021-02-05 === [main] === INFO  === o.s.boot.web.embedded.tomcat.TomcatWebServer ==== Tomcat initialized with port(s): 8118 (http)
2021-02-05 === [main] === INFO  === org.apache.coyote.http11.Http11NioProtocol ==== Initializing ProtocolHandler ["http-nio-8118"]
2021-02-05 === [main] === INFO  === org.apache.catalina.core.StandardService ==== Starting service [Tomcat]
2021-02-05 === [main] === INFO  === org.apache.catalina.core.StandardEngine ==== Starting Servlet engine: [Apache Tomcat/9.0.41]
2021-02-05 === [main] === INFO  === o.a.c.c.C.[Tomcat].[localhost].[/ghmall] ==== Initializing Spring embedded WebApplicationContext
2021-02-05 === [main] === INFO  === o.s.b.w.s.c.ServletWebServerApplicationContext ==== Root WebApplicationContext: initialization completed in 1386 ms
2021-02-05 === [main] === INFO  === o.s.scheduling.concurrent.ThreadPoolTaskScheduler ==== Initializing ExecutorService 'taskScheduler'
2021-02-05 === [main] === INFO  === org.apache.coyote.http11.Http11NioProtocol ==== Starting ProtocolHandler ["http-nio-8118"]
2021-02-05 === [main] === INFO  === o.s.boot.web.embedded.tomcat.TomcatWebServer ==== Tomcat started on port(s): 8118 (http) with context path '/ghmall'
2021-02-05 === [main] === INFO  === com.gahui.ghmall.server.GhmallServerApplication ==== Started GhmallServerApplication in 3.021 seconds (JVM running for 4.726)
2021-02-05 === [http-nio-8118-exec-1] === INFO  === o.a.c.c.C.[Tomcat].[localhost].[/ghmall] ==== Initializing Spring DispatcherServlet 'dispatcherServlet'
2021-02-05 === [http-nio-8118-exec-1] === INFO  === org.springframework.web.servlet.DispatcherServlet ==== Initializing Servlet 'dispatcherServlet'
2021-02-05 === [http-nio-8118-exec-1] === INFO  === org.springframework.web.servlet.DispatcherServlet ==== Completed initialization in 1 ms
2021-02-05 === [http-nio-8118-exec-1] === INFO  === com.gahui.ghmall.server.aop.PvAop ==== remote request addr ===> 127.0.0.1
2021-02-05 === [http-nio-8118-exec-1] === INFO  === com.gahui.ghmall.server.aop.ControllerExceptionAop ==== controller访问异常，类名为===>com.gahui.ghmall.server.controller.TestController，方法名为===>test
2021-02-05 === [main] === INFO  === com.gahui.ghmall.server.GhmallServerApplication ==== Starting GhmallServerApplication using Java 1.8.0_211 on LAPTOP-7T3VQL9G with PID 8532 (E:\ghmall_workspace\ghmall-server\target\classes started by Gahui_Liao in E:\ghmall_workspace\ghmall-server)
2021-02-05 === [main] === INFO  === com.gahui.ghmall.server.GhmallServerApplication ==== The following profiles are active: dev
2021-02-05 === [main] === INFO  === o.s.boot.web.embedded.tomcat.TomcatWebServer ==== Tomcat initialized with port(s): 8118 (http)
2021-02-05 === [main] === INFO  === org.apache.coyote.http11.Http11NioProtocol ==== Initializing ProtocolHandler ["http-nio-8118"]
2021-02-05 === [main] === INFO  === org.apache.catalina.core.StandardService ==== Starting service [Tomcat]
2021-02-05 === [main] === INFO  === org.apache.catalina.core.StandardEngine ==== Starting Servlet engine: [Apache Tomcat/9.0.41]
2021-02-05 === [main] === INFO  === o.a.c.c.C.[Tomcat].[localhost].[/ghmall] ==== Initializing Spring embedded WebApplicationContext
2021-02-05 === [main] === INFO  === o.s.b.w.s.c.ServletWebServerApplicationContext ==== Root WebApplicationContext: initialization completed in 1304 ms
2021-02-05 === [main] === INFO  === o.s.scheduling.concurrent.ThreadPoolTaskScheduler ==== Initializing ExecutorService 'taskScheduler'
2021-02-05 === [main] === INFO  === org.apache.coyote.http11.Http11NioProtocol ==== Starting ProtocolHandler ["http-nio-8118"]
2021-02-05 === [main] === INFO  === o.s.boot.web.embedded.tomcat.TomcatWebServer ==== Tomcat started on port(s): 8118 (http) with context path '/ghmall'
2021-02-05 === [main] === INFO  === com.gahui.ghmall.server.GhmallServerApplication ==== Started GhmallServerApplication in 2.893 seconds (JVM running for 4.73)
2021-02-05 === [http-nio-8118-exec-1] === INFO  === o.a.c.c.C.[Tomcat].[localhost].[/ghmall] ==== Initializing Spring DispatcherServlet 'dispatcherServlet'
2021-02-05 === [http-nio-8118-exec-1] === INFO  === org.springframework.web.servlet.DispatcherServlet ==== Initializing Servlet 'dispatcherServlet'
2021-02-05 === [http-nio-8118-exec-1] === INFO  === org.springframework.web.servlet.DispatcherServlet ==== Completed initialization in 1 ms
2021-02-05 === [http-nio-8118-exec-1] === INFO  === com.gahui.ghmall.server.aop.PvAop ==== remote request addr ===> 127.0.0.1
2021-02-05 === [http-nio-8118-exec-1] === INFO  === com.gahui.ghmall.server.aop.ControllerExceptionAop ==== controller访问异常，类名为===>com.gahui.ghmall.server.controller.TestController，方法名为===>test
2021-02-05 === [http-nio-8118-exec-2] === INFO  === com.gahui.ghmall.server.aop.PvAop ==== remote request addr ===> 127.0.0.1
2021-02-05 === [http-nio-8118-exec-2] === INFO  === com.gahui.ghmall.server.aop.ControllerExceptionAop ==== controller访问异常，类名为===>com.gahui.ghmall.server.controller.TestController，方法名为===>test
2021-02-05 === [http-nio-8118-exec-4] === INFO  === com.gahui.ghmall.server.aop.PvAop ==== remote request addr ===> 127.0.0.1
2021-02-05 === [http-nio-8118-exec-4] === INFO  === com.gahui.ghmall.server.aop.ControllerExceptionAop ==== controller访问异常，类名为===>com.gahui.ghmall.server.controller.TestController，方法名为===>test
2021-02-05 === [main] === INFO  === com.gahui.ghmall.server.GhmallServerApplication ==== Starting GhmallServerApplication using Java 1.8.0_211 on LAPTOP-7T3VQL9G with PID 19620 (E:\ghmall_workspace\ghmall-server\target\classes started by Gahui_Liao in E:\ghmall_workspace\ghmall-server)
2021-02-05 === [main] === INFO  === com.gahui.ghmall.server.GhmallServerApplication ==== The following profiles are active: dev
2021-02-05 === [main] === INFO  === o.s.boot.web.embedded.tomcat.TomcatWebServer ==== Tomcat initialized with port(s): 8118 (http)
2021-02-05 === [main] === INFO  === org.apache.coyote.http11.Http11NioProtocol ==== Initializing ProtocolHandler ["http-nio-8118"]
2021-02-05 === [main] === INFO  === org.apache.catalina.core.StandardService ==== Starting service [Tomcat]
2021-02-05 === [main] === INFO  === org.apache.catalina.core.StandardEngine ==== Starting Servlet engine: [Apache Tomcat/9.0.41]
2021-02-05 === [main] === INFO  === o.a.c.c.C.[Tomcat].[localhost].[/ghmall] ==== Initializing Spring embedded WebApplicationContext
2021-02-05 === [main] === INFO  === o.s.b.w.s.c.ServletWebServerApplicationContext ==== Root WebApplicationContext: initialization completed in 1253 ms
2021-02-05 === [main] === INFO  === o.s.scheduling.concurrent.ThreadPoolTaskScheduler ==== Initializing ExecutorService 'taskScheduler'
2021-02-05 === [main] === INFO  === org.apache.coyote.http11.Http11NioProtocol ==== Starting ProtocolHandler ["http-nio-8118"]
2021-02-05 === [main] === INFO  === o.s.boot.web.embedded.tomcat.TomcatWebServer ==== Tomcat started on port(s): 8118 (http) with context path '/ghmall'
2021-02-05 === [main] === INFO  === com.gahui.ghmall.server.GhmallServerApplication ==== Started GhmallServerApplication in 2.918 seconds (JVM running for 4.545)
2021-02-05 === [http-nio-8118-exec-1] === INFO  === o.a.c.c.C.[Tomcat].[localhost].[/ghmall] ==== Initializing Spring DispatcherServlet 'dispatcherServlet'
2021-02-05 === [http-nio-8118-exec-1] === INFO  === org.springframework.web.servlet.DispatcherServlet ==== Initializing Servlet 'dispatcherServlet'
2021-02-05 === [http-nio-8118-exec-1] === INFO  === org.springframework.web.servlet.DispatcherServlet ==== Completed initialization in 1 ms
2021-02-05 === [http-nio-8118-exec-1] === INFO  === com.gahui.ghmall.server.aop.PvAop ==== remote request addr ===> 127.0.0.1
2021-02-05 === [http-nio-8118-exec-1] === INFO  === com.gahui.ghmall.server.aop.ControllerExceptionAop ==== controller访问异常，类名为===>com.gahui.ghmall.server.controller.TestController，方法名为===>test
2021-02-05 === [main] === INFO  === com.gahui.ghmall.server.GhmallServerApplication ==== Starting GhmallServerApplication using Java 1.8.0_211 on LAPTOP-7T3VQL9G with PID 20572 (E:\ghmall_workspace\ghmall-server\target\classes started by Gahui_Liao in E:\ghmall_workspace\ghmall-server)
2021-02-05 === [main] === INFO  === com.gahui.ghmall.server.GhmallServerApplication ==== The following profiles are active: dev
2021-02-05 === [main] === INFO  === o.s.boot.web.embedded.tomcat.TomcatWebServer ==== Tomcat initialized with port(s): 8118 (http)
2021-02-05 === [main] === INFO  === org.apache.coyote.http11.Http11NioProtocol ==== Initializing ProtocolHandler ["http-nio-8118"]
2021-02-05 === [main] === INFO  === org.apache.catalina.core.StandardService ==== Starting service [Tomcat]
2021-02-05 === [main] === INFO  === org.apache.catalina.core.StandardEngine ==== Starting Servlet engine: [Apache Tomcat/9.0.41]
2021-02-05 === [main] === INFO  === o.a.c.c.C.[Tomcat].[localhost].[/ghmall] ==== Initializing Spring embedded WebApplicationContext
2021-02-05 === [main] === INFO  === o.s.b.w.s.c.ServletWebServerApplicationContext ==== Root WebApplicationContext: initialization completed in 1370 ms
2021-02-05 === [main] === INFO  === o.s.scheduling.concurrent.ThreadPoolTaskScheduler ==== Initializing ExecutorService 'taskScheduler'
2021-02-05 === [main] === INFO  === org.apache.coyote.http11.Http11NioProtocol ==== Starting ProtocolHandler ["http-nio-8118"]
2021-02-05 === [main] === INFO  === o.s.boot.web.embedded.tomcat.TomcatWebServer ==== Tomcat started on port(s): 8118 (http) with context path '/ghmall'
2021-02-05 === [main] === INFO  === com.gahui.ghmall.server.GhmallServerApplication ==== Started GhmallServerApplication in 2.934 seconds (JVM running for 4.583)
2021-02-05 === [http-nio-8118-exec-1] === INFO  === o.a.c.c.C.[Tomcat].[localhost].[/ghmall] ==== Initializing Spring DispatcherServlet 'dispatcherServlet'
2021-02-05 === [http-nio-8118-exec-1] === INFO  === org.springframework.web.servlet.DispatcherServlet ==== Initializing Servlet 'dispatcherServlet'
2021-02-05 === [http-nio-8118-exec-1] === INFO  === org.springframework.web.servlet.DispatcherServlet ==== Completed initialization in 1 ms
2021-02-05 === [http-nio-8118-exec-1] === INFO  === com.gahui.ghmall.server.aop.PvAop ==== remote request addr ===> 127.0.0.1
2021-02-05 === [http-nio-8118-exec-1] === INFO  === com.gahui.ghmall.server.aop.ControllerExceptionAop ==== controller访问异常，类名为===>com.gahui.ghmall.server.controller.TestController，方法名为===>test
2021-02-05 === [main] === INFO  === com.gahui.ghmall.server.GhmallServerApplication ==== Starting GhmallServerApplication using Java 1.8.0_211 on LAPTOP-7T3VQL9G with PID 14608 (E:\ghmall_workspace\ghmall-server\target\classes started by Gahui_Liao in E:\ghmall_workspace\ghmall-server)
2021-02-05 === [main] === INFO  === com.gahui.ghmall.server.GhmallServerApplication ==== The following profiles are active: dev
2021-02-05 === [main] === INFO  === o.s.boot.web.embedded.tomcat.TomcatWebServer ==== Tomcat initialized with port(s): 8118 (http)
2021-02-05 === [main] === INFO  === org.apache.coyote.http11.Http11NioProtocol ==== Initializing ProtocolHandler ["http-nio-8118"]
2021-02-05 === [main] === INFO  === org.apache.catalina.core.StandardService ==== Starting service [Tomcat]
2021-02-05 === [main] === INFO  === org.apache.catalina.core.StandardEngine ==== Starting Servlet engine: [Apache Tomcat/9.0.41]
2021-02-05 === [main] === INFO  === o.a.c.c.C.[Tomcat].[localhost].[/ghmall] ==== Initializing Spring embedded WebApplicationContext
2021-02-05 === [main] === INFO  === o.s.b.w.s.c.ServletWebServerApplicationContext ==== Root WebApplicationContext: initialization completed in 1335 ms
2021-02-05 === [main] === INFO  === o.s.scheduling.concurrent.ThreadPoolTaskScheduler ==== Initializing ExecutorService 'taskScheduler'
2021-02-05 === [main] === INFO  === org.apache.coyote.http11.Http11NioProtocol ==== Starting ProtocolHandler ["http-nio-8118"]
2021-02-05 === [main] === INFO  === o.s.boot.web.embedded.tomcat.TomcatWebServer ==== Tomcat started on port(s): 8118 (http) with context path '/ghmall'
2021-02-05 === [main] === INFO  === com.gahui.ghmall.server.GhmallServerApplication ==== Started GhmallServerApplication in 3.111 seconds (JVM running for 4.793)
2021-02-05 === [http-nio-8118-exec-1] === INFO  === o.a.c.c.C.[Tomcat].[localhost].[/ghmall] ==== Initializing Spring DispatcherServlet 'dispatcherServlet'
2021-02-05 === [http-nio-8118-exec-1] === INFO  === org.springframework.web.servlet.DispatcherServlet ==== Initializing Servlet 'dispatcherServlet'
2021-02-05 === [http-nio-8118-exec-1] === INFO  === org.springframework.web.servlet.DispatcherServlet ==== Completed initialization in 1 ms
2021-02-05 === [http-nio-8118-exec-1] === INFO  === com.gahui.ghmall.server.aop.PvAop ==== remote request addr ===> 127.0.0.1
2021-02-05 === [http-nio-8118-exec-1] === INFO  === com.gahui.ghmall.server.aop.ControllerExceptionAop ==== controller访问异常，类名为===>com.gahui.ghmall.server.controller.TestController，方法名为===>test
2021-02-05 === [main] === INFO  === com.gahui.ghmall.server.GhmallServerApplication ==== Starting GhmallServerApplication using Java 1.8.0_211 on LAPTOP-7T3VQL9G with PID 21336 (E:\ghmall_workspace\ghmall-server\target\classes started by Gahui_Liao in E:\ghmall_workspace\ghmall-server)
2021-02-05 === [main] === INFO  === com.gahui.ghmall.server.GhmallServerApplication ==== The following profiles are active: dev
2021-02-05 === [main] === INFO  === o.s.boot.web.embedded.tomcat.TomcatWebServer ==== Tomcat initialized with port(s): 8118 (http)
2021-02-05 === [main] === INFO  === org.apache.coyote.http11.Http11NioProtocol ==== Initializing ProtocolHandler ["http-nio-8118"]
2021-02-05 === [main] === INFO  === org.apache.catalina.core.StandardService ==== Starting service [Tomcat]
2021-02-05 === [main] === INFO  === org.apache.catalina.core.StandardEngine ==== Starting Servlet engine: [Apache Tomcat/9.0.41]
2021-02-05 === [main] === INFO  === o.a.c.c.C.[Tomcat].[localhost].[/ghmall] ==== Initializing Spring embedded WebApplicationContext
2021-02-05 === [main] === INFO  === o.s.b.w.s.c.ServletWebServerApplicationContext ==== Root WebApplicationContext: initialization completed in 1328 ms
2021-02-05 === [main] === INFO  === o.s.scheduling.concurrent.ThreadPoolTaskScheduler ==== Initializing ExecutorService 'taskScheduler'
2021-02-05 === [main] === INFO  === org.apache.coyote.http11.Http11NioProtocol ==== Starting ProtocolHandler ["http-nio-8118"]
2021-02-05 === [main] === INFO  === o.s.boot.web.embedded.tomcat.TomcatWebServer ==== Tomcat started on port(s): 8118 (http) with context path '/ghmall'
2021-02-05 === [main] === INFO  === com.gahui.ghmall.server.GhmallServerApplication ==== Started GhmallServerApplication in 2.87 seconds (JVM running for 4.537)
2021-02-05 === [http-nio-8118-exec-1] === INFO  === o.a.c.c.C.[Tomcat].[localhost].[/ghmall] ==== Initializing Spring DispatcherServlet 'dispatcherServlet'
2021-02-05 === [http-nio-8118-exec-1] === INFO  === org.springframework.web.servlet.DispatcherServlet ==== Initializing Servlet 'dispatcherServlet'
2021-02-05 === [http-nio-8118-exec-1] === INFO  === org.springframework.web.servlet.DispatcherServlet ==== Completed initialization in 1 ms
2021-02-05 === [http-nio-8118-exec-1] === INFO  === com.gahui.ghmall.server.aop.PvAop ==== remote request addr ===> 127.0.0.1
2021-02-05 === [http-nio-8118-exec-1] === INFO  === com.gahui.ghmall.server.aop.ControllerExceptionAop ==== controller访问异常，类名为===>com.gahui.ghmall.server.controller.TestController，方法名为===>test
2021-02-05 === [main] === INFO  === com.gahui.ghmall.server.GhmallServerApplication ==== Starting GhmallServerApplication using Java 1.8.0_211 on LAPTOP-7T3VQL9G with PID 14768 (E:\ghmall_workspace\ghmall-server\target\classes started by Gahui_Liao in E:\ghmall_workspace\ghmall-server)
2021-02-05 === [main] === INFO  === com.gahui.ghmall.server.GhmallServerApplication ==== The following profiles are active: dev
2021-02-05 === [main] === INFO  === o.s.boot.web.embedded.tomcat.TomcatWebServer ==== Tomcat initialized with port(s): 8118 (http)
2021-02-05 === [main] === INFO  === org.apache.coyote.http11.Http11NioProtocol ==== Initializing ProtocolHandler ["http-nio-8118"]
2021-02-05 === [main] === INFO  === org.apache.catalina.core.StandardService ==== Starting service [Tomcat]
2021-02-05 === [main] === INFO  === org.apache.catalina.core.StandardEngine ==== Starting Servlet engine: [Apache Tomcat/9.0.41]
2021-02-05 === [main] === INFO  === o.a.c.c.C.[Tomcat].[localhost].[/ghmall] ==== Initializing Spring embedded WebApplicationContext
2021-02-05 === [main] === INFO  === o.s.b.w.s.c.ServletWebServerApplicationContext ==== Root WebApplicationContext: initialization completed in 1607 ms
2021-02-05 === [main] === INFO  === o.s.scheduling.concurrent.ThreadPoolTaskScheduler ==== Initializing ExecutorService 'taskScheduler'
2021-02-05 === [main] === INFO  === org.apache.coyote.http11.Http11NioProtocol ==== Starting ProtocolHandler ["http-nio-8118"]
2021-02-05 === [main] === INFO  === o.s.boot.web.embedded.tomcat.TomcatWebServer ==== Tomcat started on port(s): 8118 (http) with context path '/ghmall'
2021-02-05 === [main] === INFO  === com.gahui.ghmall.server.GhmallServerApplication ==== Started GhmallServerApplication in 3.25 seconds (JVM running for 5.042)
2021-02-05 === [http-nio-8118-exec-1] === INFO  === o.a.c.c.C.[Tomcat].[localhost].[/ghmall] ==== Initializing Spring DispatcherServlet 'dispatcherServlet'
2021-02-05 === [http-nio-8118-exec-1] === INFO  === org.springframework.web.servlet.DispatcherServlet ==== Initializing Servlet 'dispatcherServlet'
2021-02-05 === [http-nio-8118-exec-1] === INFO  === org.springframework.web.servlet.DispatcherServlet ==== Completed initialization in 2 ms
2021-02-05 === [http-nio-8118-exec-1] === INFO  === com.gahui.ghmall.server.aop.PvAop ==== remote request addr ===> 127.0.0.1
2021-02-05 === [http-nio-8118-exec-1] === INFO  === com.gahui.ghmall.server.aop.ControllerExceptionAop ==== controller访问异常，类名为===>com.gahui.ghmall.server.controller.TestController，方法名为===>test
2021-02-05 === [main] === INFO  === com.gahui.ghmall.server.GhmallServerApplication ==== Starting GhmallServerApplication using Java 1.8.0_211 on LAPTOP-7T3VQL9G with PID 6756 (E:\ghmall_workspace\ghmall-server\target\classes started by Gahui_Liao in E:\ghmall_workspace\ghmall-server)
2021-02-05 === [main] === INFO  === com.gahui.ghmall.server.GhmallServerApplication ==== The following profiles are active: dev
2021-02-05 === [main] === INFO  === o.s.boot.web.embedded.tomcat.TomcatWebServer ==== Tomcat initialized with port(s): 8118 (http)
2021-02-05 === [main] === INFO  === org.apache.coyote.http11.Http11NioProtocol ==== Initializing ProtocolHandler ["http-nio-8118"]
2021-02-05 === [main] === INFO  === org.apache.catalina.core.StandardService ==== Starting service [Tomcat]
2021-02-05 === [main] === INFO  === org.apache.catalina.core.StandardEngine ==== Starting Servlet engine: [Apache Tomcat/9.0.41]
2021-02-05 === [main] === INFO  === o.a.c.c.C.[Tomcat].[localhost].[/ghmall] ==== Initializing Spring embedded WebApplicationContext
2021-02-05 === [main] === INFO  === o.s.b.w.s.c.ServletWebServerApplicationContext ==== Root WebApplicationContext: initialization completed in 1398 ms
2021-02-05 === [main] === INFO  === o.s.scheduling.concurrent.ThreadPoolTaskScheduler ==== Initializing ExecutorService 'taskScheduler'
2021-02-05 === [main] === INFO  === org.apache.coyote.http11.Http11NioProtocol ==== Starting ProtocolHandler ["http-nio-8118"]
2021-02-05 === [main] === INFO  === o.s.boot.web.embedded.tomcat.TomcatWebServer ==== Tomcat started on port(s): 8118 (http) with context path '/ghmall'
2021-02-05 === [main] === INFO  === com.gahui.ghmall.server.GhmallServerApplication ==== Started GhmallServerApplication in 3.233 seconds (JVM running for 5.006)
2021-02-05 === [http-nio-8118-exec-1] === INFO  === o.a.c.c.C.[Tomcat].[localhost].[/ghmall] ==== Initializing Spring DispatcherServlet 'dispatcherServlet'
2021-02-05 === [http-nio-8118-exec-1] === INFO  === org.springframework.web.servlet.DispatcherServlet ==== Initializing Servlet 'dispatcherServlet'
2021-02-05 === [http-nio-8118-exec-1] === INFO  === org.springframework.web.servlet.DispatcherServlet ==== Completed initialization in 1 ms
2021-02-05 === [http-nio-8118-exec-1] === INFO  === com.gahui.ghmall.server.aop.PvAop ==== remote request addr ===> 127.0.0.1
2021-02-05 === [http-nio-8118-exec-1] === INFO  === com.gahui.ghmall.server.aop.ControllerExceptionAop ==== controller访问异常，类名为===>com.gahui.ghmall.server.controller.TestController，方法名为===>test
2021-02-05 === [main] === INFO  === com.gahui.ghmall.server.GhmallServerApplication ==== Starting GhmallServerApplication using Java 1.8.0_211 on LAPTOP-7T3VQL9G with PID 13512 (E:\ghmall_workspace\ghmall-server\target\classes started by Gahui_Liao in E:\ghmall_workspace\ghmall-server)
2021-02-05 === [main] === INFO  === com.gahui.ghmall.server.GhmallServerApplication ==== The following profiles are active: dev
2021-02-05 === [main] === INFO  === o.s.boot.web.embedded.tomcat.TomcatWebServer ==== Tomcat initialized with port(s): 8118 (http)
2021-02-05 === [main] === INFO  === org.apache.coyote.http11.Http11NioProtocol ==== Initializing ProtocolHandler ["http-nio-8118"]
2021-02-05 === [main] === INFO  === org.apache.catalina.core.StandardService ==== Starting service [Tomcat]
2021-02-05 === [main] === INFO  === org.apache.catalina.core.StandardEngine ==== Starting Servlet engine: [Apache Tomcat/9.0.41]
2021-02-05 === [main] === INFO  === o.a.c.c.C.[Tomcat].[localhost].[/ghmall] ==== Initializing Spring embedded WebApplicationContext
2021-02-05 === [main] === INFO  === o.s.b.w.s.c.ServletWebServerApplicationContext ==== Root WebApplicationContext: initialization completed in 1329 ms
2021-02-05 === [main] === INFO  === o.s.scheduling.concurrent.ThreadPoolTaskScheduler ==== Initializing ExecutorService 'taskScheduler'
2021-02-05 === [main] === INFO  === org.apache.coyote.http11.Http11NioProtocol ==== Starting ProtocolHandler ["http-nio-8118"]
2021-02-05 === [main] === INFO  === o.s.boot.web.embedded.tomcat.TomcatWebServer ==== Tomcat started on port(s): 8118 (http) with context path '/ghmall'
2021-02-05 === [main] === INFO  === com.gahui.ghmall.server.GhmallServerApplication ==== Started GhmallServerApplication in 3.126 seconds (JVM running for 4.841)
2021-02-05 === [http-nio-8118-exec-2] === INFO  === o.a.c.c.C.[Tomcat].[localhost].[/ghmall] ==== Initializing Spring DispatcherServlet 'dispatcherServlet'
2021-02-05 === [http-nio-8118-exec-2] === INFO  === org.springframework.web.servlet.DispatcherServlet ==== Initializing Servlet 'dispatcherServlet'
2021-02-05 === [http-nio-8118-exec-2] === INFO  === org.springframework.web.servlet.DispatcherServlet ==== Completed initialization in 0 ms
2021-02-05 === [http-nio-8118-exec-2] === INFO  === com.gahui.ghmall.server.aop.PvAop ==== remote request addr ===> 127.0.0.1
2021-02-05 === [http-nio-8118-exec-2] === INFO  === com.gahui.ghmall.server.aop.ControllerExceptionAop ==== controller访问异常，类名为===>com.gahui.ghmall.server.controller.TestController，方法名为===>test
2021-02-05 === [main] === INFO  === com.gahui.ghmall.server.GhmallServerApplication ==== Starting GhmallServerApplication using Java 1.8.0_211 on LAPTOP-7T3VQL9G with PID 5188 (E:\ghmall_workspace\ghmall-server\target\classes started by Gahui_Liao in E:\ghmall_workspace\ghmall-server)
2021-02-05 === [main] === INFO  === com.gahui.ghmall.server.GhmallServerApplication ==== The following profiles are active: dev
2021-02-05 === [main] === INFO  === o.s.boot.web.embedded.tomcat.TomcatWebServer ==== Tomcat initialized with port(s): 8118 (http)
2021-02-05 === [main] === INFO  === org.apache.coyote.http11.Http11NioProtocol ==== Initializing ProtocolHandler ["http-nio-8118"]
2021-02-05 === [main] === INFO  === org.apache.catalina.core.StandardService ==== Starting service [Tomcat]
2021-02-05 === [main] === INFO  === org.apache.catalina.core.StandardEngine ==== Starting Servlet engine: [Apache Tomcat/9.0.41]
2021-02-05 === [main] === INFO  === o.a.c.c.C.[Tomcat].[localhost].[/ghmall] ==== Initializing Spring embedded WebApplicationContext
2021-02-05 === [main] === INFO  === o.s.b.w.s.c.ServletWebServerApplicationContext ==== Root WebApplicationContext: initialization completed in 1441 ms
2021-02-05 === [main] === INFO  === o.s.scheduling.concurrent.ThreadPoolTaskScheduler ==== Initializing ExecutorService 'taskScheduler'
2021-02-05 === [main] === INFO  === org.apache.coyote.http11.Http11NioProtocol ==== Starting ProtocolHandler ["http-nio-8118"]
2021-02-05 === [main] === INFO  === o.s.boot.web.embedded.tomcat.TomcatWebServer ==== Tomcat started on port(s): 8118 (http) with context path '/ghmall'
2021-02-05 === [main] === INFO  === com.gahui.ghmall.server.GhmallServerApplication ==== Started GhmallServerApplication in 3.264 seconds (JVM running for 5.056)
2021-02-05 === [http-nio-8118-exec-1] === INFO  === o.a.c.c.C.[Tomcat].[localhost].[/ghmall] ==== Initializing Spring DispatcherServlet 'dispatcherServlet'
2021-02-05 === [http-nio-8118-exec-1] === INFO  === org.springframework.web.servlet.DispatcherServlet ==== Initializing Servlet 'dispatcherServlet'
2021-02-05 === [http-nio-8118-exec-1] === INFO  === org.springframework.web.servlet.DispatcherServlet ==== Completed initialization in 1 ms
2021-02-05 === [http-nio-8118-exec-1] === INFO  === com.gahui.ghmall.server.aop.PvAop ==== remote request addr ===> 127.0.0.1
2021-02-05 === [http-nio-8118-exec-1] === INFO  === com.gahui.ghmall.server.aop.ControllerExceptionAop ==== controller访问异常，类名为===>com.gahui.ghmall.server.controller.TestController，方法名为===>test
2021-02-05 === [main] === INFO  === com.gahui.ghmall.server.GhmallServerApplication ==== Starting GhmallServerApplication using Java 1.8.0_211 on LAPTOP-7T3VQL9G with PID 16684 (E:\ghmall_workspace\ghmall-server\target\classes started by Gahui_Liao in E:\ghmall_workspace\ghmall-server)
2021-02-05 === [main] === INFO  === com.gahui.ghmall.server.GhmallServerApplication ==== The following profiles are active: dev
2021-02-05 === [main] === INFO  === o.s.boot.web.embedded.tomcat.TomcatWebServer ==== Tomcat initialized with port(s): 8118 (http)
2021-02-05 === [main] === INFO  === org.apache.coyote.http11.Http11NioProtocol ==== Initializing ProtocolHandler ["http-nio-8118"]
2021-02-05 === [main] === INFO  === org.apache.catalina.core.StandardService ==== Starting service [Tomcat]
2021-02-05 === [main] === INFO  === org.apache.catalina.core.StandardEngine ==== Starting Servlet engine: [Apache Tomcat/9.0.41]
2021-02-05 === [main] === INFO  === o.a.c.c.C.[Tomcat].[localhost].[/ghmall] ==== Initializing Spring embedded WebApplicationContext
2021-02-05 === [main] === INFO  === o.s.b.w.s.c.ServletWebServerApplicationContext ==== Root WebApplicationContext: initialization completed in 1382 ms
2021-02-05 === [main] === INFO  === o.s.scheduling.concurrent.ThreadPoolTaskScheduler ==== Initializing ExecutorService 'taskScheduler'
2021-02-05 === [main] === INFO  === org.apache.coyote.http11.Http11NioProtocol ==== Starting ProtocolHandler ["http-nio-8118"]
2021-02-05 === [main] === INFO  === o.s.boot.web.embedded.tomcat.TomcatWebServer ==== Tomcat started on port(s): 8118 (http) with context path '/ghmall'
2021-02-05 === [main] === INFO  === com.gahui.ghmall.server.GhmallServerApplication ==== Started GhmallServerApplication in 3.089 seconds (JVM running for 4.759)
2021-02-05 === [http-nio-8118-exec-1] === INFO  === o.a.c.c.C.[Tomcat].[localhost].[/ghmall] ==== Initializing Spring DispatcherServlet 'dispatcherServlet'
2021-02-05 === [http-nio-8118-exec-1] === INFO  === org.springframework.web.servlet.DispatcherServlet ==== Initializing Servlet 'dispatcherServlet'
2021-02-05 === [http-nio-8118-exec-1] === INFO  === org.springframework.web.servlet.DispatcherServlet ==== Completed initialization in 1 ms
2021-02-05 === [http-nio-8118-exec-1] === INFO  === com.gahui.ghmall.server.aop.PvAop ==== remote request addr ===> 127.0.0.1
2021-02-05 === [http-nio-8118-exec-1] === INFO  === com.gahui.ghmall.server.aop.ControllerExceptionAop ==== controller访问异常，类名为===>com.gahui.ghmall.server.controller.TestController，方法名为===>test
2021-02-05 === [main] === INFO  === com.gahui.ghmall.server.GhmallServerApplication ==== Starting GhmallServerApplication using Java 1.8.0_211 on LAPTOP-7T3VQL9G with PID 20736 (E:\ghmall_workspace\ghmall-server\target\classes started by Gahui_Liao in E:\ghmall_workspace\ghmall-server)
2021-02-05 === [main] === INFO  === com.gahui.ghmall.server.GhmallServerApplication ==== The following profiles are active: dev
2021-02-05 === [main] === INFO  === o.s.boot.web.embedded.tomcat.TomcatWebServer ==== Tomcat initialized with port(s): 8118 (http)
2021-02-05 === [main] === INFO  === org.apache.coyote.http11.Http11NioProtocol ==== Initializing ProtocolHandler ["http-nio-8118"]
2021-02-05 === [main] === INFO  === org.apache.catalina.core.StandardService ==== Starting service [Tomcat]
2021-02-05 === [main] === INFO  === org.apache.catalina.core.StandardEngine ==== Starting Servlet engine: [Apache Tomcat/9.0.41]
2021-02-05 === [main] === INFO  === o.a.c.c.C.[Tomcat].[localhost].[/ghmall] ==== Initializing Spring embedded WebApplicationContext
2021-02-05 === [main] === INFO  === o.s.b.w.s.c.ServletWebServerApplicationContext ==== Root WebApplicationContext: initialization completed in 1359 ms
2021-02-05 === [main] === INFO  === o.s.scheduling.concurrent.ThreadPoolTaskScheduler ==== Initializing ExecutorService 'taskScheduler'
2021-02-05 === [main] === INFO  === org.apache.coyote.http11.Http11NioProtocol ==== Starting ProtocolHandler ["http-nio-8118"]
2021-02-05 === [main] === INFO  === o.s.boot.web.embedded.tomcat.TomcatWebServer ==== Tomcat started on port(s): 8118 (http) with context path '/ghmall'
2021-02-05 === [main] === INFO  === com.gahui.ghmall.server.GhmallServerApplication ==== Started GhmallServerApplication in 3.155 seconds (JVM running for 4.815)
2021-02-05 === [http-nio-8118-exec-1] === INFO  === o.a.c.c.C.[Tomcat].[localhost].[/ghmall] ==== Initializing Spring DispatcherServlet 'dispatcherServlet'
2021-02-05 === [http-nio-8118-exec-1] === INFO  === org.springframework.web.servlet.DispatcherServlet ==== Initializing Servlet 'dispatcherServlet'
2021-02-05 === [http-nio-8118-exec-1] === INFO  === org.springframework.web.servlet.DispatcherServlet ==== Completed initialization in 0 ms
2021-02-05 === [http-nio-8118-exec-1] === INFO  === com.gahui.ghmall.server.aop.PvAop ==== remote request addr ===> 127.0.0.1
2021-02-05 === [http-nio-8118-exec-1] === INFO  === com.gahui.ghmall.server.aop.ControllerExceptionAop ==== controller访问异常，类名为===>com.gahui.ghmall.server.controller.TestController，方法名为===>test
2021-02-05 === [main] === INFO  === com.gahui.ghmall.server.GhmallServerApplication ==== Starting GhmallServerApplication using Java 1.8.0_211 on LAPTOP-7T3VQL9G with PID 18516 (E:\ghmall_workspace\ghmall-server\target\classes started by Gahui_Liao in E:\ghmall_workspace\ghmall-server)
2021-02-05 === [main] === INFO  === com.gahui.ghmall.server.GhmallServerApplication ==== The following profiles are active: dev
2021-02-05 === [main] === INFO  === o.s.boot.web.embedded.tomcat.TomcatWebServer ==== Tomcat initialized with port(s): 8118 (http)
2021-02-05 === [main] === INFO  === org.apache.coyote.http11.Http11NioProtocol ==== Initializing ProtocolHandler ["http-nio-8118"]
2021-02-05 === [main] === INFO  === org.apache.catalina.core.StandardService ==== Starting service [Tomcat]
2021-02-05 === [main] === INFO  === org.apache.catalina.core.StandardEngine ==== Starting Servlet engine: [Apache Tomcat/9.0.41]
2021-02-05 === [main] === INFO  === o.a.c.c.C.[Tomcat].[localhost].[/ghmall] ==== Initializing Spring embedded WebApplicationContext
2021-02-05 === [main] === INFO  === o.s.b.w.s.c.ServletWebServerApplicationContext ==== Root WebApplicationContext: initialization completed in 1355 ms
2021-02-05 === [main] === INFO  === o.s.scheduling.concurrent.ThreadPoolTaskScheduler ==== Initializing ExecutorService 'taskScheduler'
2021-02-05 === [main] === INFO  === org.apache.coyote.http11.Http11NioProtocol ==== Starting ProtocolHandler ["http-nio-8118"]
2021-02-05 === [main] === INFO  === o.s.boot.web.embedded.tomcat.TomcatWebServer ==== Tomcat started on port(s): 8118 (http) with context path '/ghmall'
2021-02-05 === [main] === INFO  === com.gahui.ghmall.server.GhmallServerApplication ==== Started GhmallServerApplication in 3.096 seconds (JVM running for 4.82)
2021-02-05 === [http-nio-8118-exec-1] === INFO  === o.a.c.c.C.[Tomcat].[localhost].[/ghmall] ==== Initializing Spring DispatcherServlet 'dispatcherServlet'
2021-02-05 === [http-nio-8118-exec-1] === INFO  === org.springframework.web.servlet.DispatcherServlet ==== Initializing Servlet 'dispatcherServlet'
2021-02-05 === [http-nio-8118-exec-1] === INFO  === org.springframework.web.servlet.DispatcherServlet ==== Completed initialization in 1 ms
2021-02-05 === [http-nio-8118-exec-1] === INFO  === com.gahui.ghmall.server.aop.PvAop ==== remote request addr ===> 127.0.0.1
2021-02-05 === [http-nio-8118-exec-1] === INFO  === com.gahui.ghmall.server.aop.ControllerExceptionAop ==== controller访问异常，类名为===>com.gahui.ghmall.server.controller.TestController，方法名为===>test
2021-02-05 === [main] === INFO  === com.gahui.ghmall.server.GhmallServerApplication ==== Starting GhmallServerApplication using Java 1.8.0_211 on LAPTOP-7T3VQL9G with PID 4780 (E:\ghmall_workspace\ghmall-server\target\classes started by Gahui_Liao in E:\ghmall_workspace\ghmall-server)
2021-02-05 === [main] === INFO  === com.gahui.ghmall.server.GhmallServerApplication ==== The following profiles are active: dev
2021-02-05 === [main] === INFO  === o.s.boot.web.embedded.tomcat.TomcatWebServer ==== Tomcat initialized with port(s): 8118 (http)
2021-02-05 === [main] === INFO  === org.apache.coyote.http11.Http11NioProtocol ==== Initializing ProtocolHandler ["http-nio-8118"]
2021-02-05 === [main] === INFO  === org.apache.catalina.core.StandardService ==== Starting service [Tomcat]
2021-02-05 === [main] === INFO  === org.apache.catalina.core.StandardEngine ==== Starting Servlet engine: [Apache Tomcat/9.0.41]
2021-02-05 === [main] === INFO  === o.a.c.c.C.[Tomcat].[localhost].[/ghmall] ==== Initializing Spring embedded WebApplicationContext
2021-02-05 === [main] === INFO  === o.s.b.w.s.c.ServletWebServerApplicationContext ==== Root WebApplicationContext: initialization completed in 1237 ms
2021-02-05 === [main] === INFO  === o.s.scheduling.concurrent.ThreadPoolTaskScheduler ==== Initializing ExecutorService 'taskScheduler'
2021-02-05 === [main] === INFO  === org.apache.coyote.http11.Http11NioProtocol ==== Starting ProtocolHandler ["http-nio-8118"]
2021-02-05 === [main] === INFO  === o.s.boot.web.embedded.tomcat.TomcatWebServer ==== Tomcat started on port(s): 8118 (http) with context path '/ghmall'
2021-02-05 === [main] === INFO  === com.gahui.ghmall.server.GhmallServerApplication ==== Started GhmallServerApplication in 3.069 seconds (JVM running for 4.792)
2021-02-05 === [http-nio-8118-exec-1] === INFO  === o.a.c.c.C.[Tomcat].[localhost].[/ghmall] ==== Initializing Spring DispatcherServlet 'dispatcherServlet'
2021-02-05 === [http-nio-8118-exec-1] === INFO  === org.springframework.web.servlet.DispatcherServlet ==== Initializing Servlet 'dispatcherServlet'
2021-02-05 === [http-nio-8118-exec-1] === INFO  === org.springframework.web.servlet.DispatcherServlet ==== Completed initialization in 0 ms
2021-02-05 === [http-nio-8118-exec-1] === INFO  === com.gahui.ghmall.server.aop.PvAop ==== remote request addr ===> 127.0.0.1
2021-02-05 === [http-nio-8118-exec-1] === INFO  === com.gahui.ghmall.server.aop.ControllerExceptionAop ==== controller访问异常，类名为===>com.gahui.ghmall.server.controller.TestController，方法名为===>test
2021-02-05 === [main] === INFO  === com.gahui.ghmall.server.GhmallServerApplication ==== Starting GhmallServerApplication using Java 1.8.0_211 on LAPTOP-7T3VQL9G with PID 13812 (E:\ghmall_workspace\ghmall-server\target\classes started by Gahui_Liao in E:\ghmall_workspace\ghmall-server)
2021-02-05 === [main] === INFO  === com.gahui.ghmall.server.GhmallServerApplication ==== The following profiles are active: dev
2021-02-05 === [main] === INFO  === o.s.boot.web.embedded.tomcat.TomcatWebServer ==== Tomcat initialized with port(s): 8118 (http)
2021-02-05 === [main] === INFO  === org.apache.coyote.http11.Http11NioProtocol ==== Initializing ProtocolHandler ["http-nio-8118"]
2021-02-05 === [main] === INFO  === org.apache.catalina.core.StandardService ==== Starting service [Tomcat]
2021-02-05 === [main] === INFO  === org.apache.catalina.core.StandardEngine ==== Starting Servlet engine: [Apache Tomcat/9.0.41]
2021-02-05 === [main] === INFO  === o.a.c.c.C.[Tomcat].[localhost].[/ghmall] ==== Initializing Spring embedded WebApplicationContext
2021-02-05 === [main] === INFO  === o.s.b.w.s.c.ServletWebServerApplicationContext ==== Root WebApplicationContext: initialization completed in 1826 ms
2021-02-05 === [main] === INFO  === o.s.scheduling.concurrent.ThreadPoolTaskScheduler ==== Initializing ExecutorService 'taskScheduler'
2021-02-05 === [main] === INFO  === org.apache.coyote.http11.Http11NioProtocol ==== Starting ProtocolHandler ["http-nio-8118"]
2021-02-05 === [main] === INFO  === o.s.boot.web.embedded.tomcat.TomcatWebServer ==== Tomcat started on port(s): 8118 (http) with context path '/ghmall'
2021-02-05 === [main] === INFO  === com.gahui.ghmall.server.GhmallServerApplication ==== Started GhmallServerApplication in 3.973 seconds (JVM running for 6.089)
2021-02-05 === [http-nio-8118-exec-1] === INFO  === o.a.c.c.C.[Tomcat].[localhost].[/ghmall] ==== Initializing Spring DispatcherServlet 'dispatcherServlet'
2021-02-05 === [http-nio-8118-exec-1] === INFO  === org.springframework.web.servlet.DispatcherServlet ==== Initializing Servlet 'dispatcherServlet'
2021-02-05 === [http-nio-8118-exec-1] === INFO  === org.springframework.web.servlet.DispatcherServlet ==== Completed initialization in 2 ms
2021-02-05 === [http-nio-8118-exec-1] === INFO  === com.gahui.ghmall.server.aop.PvAop ==== remote request addr ===> 127.0.0.1
2021-02-05 === [http-nio-8118-exec-1] === INFO  === com.gahui.ghmall.server.aop.ControllerExceptionAop ==== controller访问异常，类名为===>com.gahui.ghmall.server.controller.TestController，方法名为===>test
2021-02-05 === [SpringContextShutdownHook] === INFO  === o.s.scheduling.concurrent.ThreadPoolTaskScheduler ==== Shutting down ExecutorService 'taskScheduler'
2021-02-05 === [main] === INFO  === com.gahui.ghmall.server.GhmallServerApplication ==== Starting GhmallServerApplication using Java 1.8.0_211 on LAPTOP-7T3VQL9G with PID 21156 (E:\ghmall_workspace\ghmall-server\target\classes started by Gahui_Liao in E:\ghmall_workspace\ghmall-server)
2021-02-05 === [main] === INFO  === com.gahui.ghmall.server.GhmallServerApplication ==== The following profiles are active: dev
2021-02-05 === [main] === INFO  === o.s.boot.web.embedded.tomcat.TomcatWebServer ==== Tomcat initialized with port(s): 8118 (http)
2021-02-05 === [main] === INFO  === org.apache.coyote.http11.Http11NioProtocol ==== Initializing ProtocolHandler ["http-nio-8118"]
2021-02-05 === [main] === INFO  === org.apache.catalina.core.StandardService ==== Starting service [Tomcat]
2021-02-05 === [main] === INFO  === org.apache.catalina.core.StandardEngine ==== Starting Servlet engine: [Apache Tomcat/9.0.41]
2021-02-05 === [main] === INFO  === o.a.c.c.C.[Tomcat].[localhost].[/ghmall] ==== Initializing Spring embedded WebApplicationContext
2021-02-05 === [main] === INFO  === o.s.b.w.s.c.ServletWebServerApplicationContext ==== Root WebApplicationContext: initialization completed in 1826 ms
2021-02-05 === [main] === INFO  === o.s.scheduling.concurrent.ThreadPoolTaskScheduler ==== Initializing ExecutorService 'taskScheduler'
2021-02-05 === [main] === INFO  === org.apache.coyote.http11.Http11NioProtocol ==== Starting ProtocolHandler ["http-nio-8118"]
2021-02-05 === [main] === INFO  === o.s.boot.web.embedded.tomcat.TomcatWebServer ==== Tomcat started on port(s): 8118 (http) with context path '/ghmall'
2021-02-05 === [main] === INFO  === com.gahui.ghmall.server.GhmallServerApplication ==== Started GhmallServerApplication in 4.038 seconds (JVM running for 5.954)
2021-02-05 === [SpringContextShutdownHook] === INFO  === o.s.scheduling.concurrent.ThreadPoolTaskScheduler ==== Shutting down ExecutorService 'taskScheduler'
2021-02-05 === [main] === INFO  === com.gahui.ghmall.server.GhmallServerApplication ==== Starting GhmallServerApplication using Java 1.8.0_211 on LAPTOP-7T3VQL9G with PID 19004 (E:\ghmall_workspace\ghmall-server\target\classes started by Gahui_Liao in E:\ghmall_workspace\ghmall-server)
2021-02-05 === [main] === INFO  === com.gahui.ghmall.server.GhmallServerApplication ==== The following profiles are active: dev
2021-02-05 === [main] === INFO  === o.s.boot.web.embedded.tomcat.TomcatWebServer ==== Tomcat initialized with port(s): 8118 (http)
2021-02-05 === [main] === INFO  === org.apache.coyote.http11.Http11NioProtocol ==== Initializing ProtocolHandler ["http-nio-8118"]
2021-02-05 === [main] === INFO  === org.apache.catalina.core.StandardService ==== Starting service [Tomcat]
2021-02-05 === [main] === INFO  === org.apache.catalina.core.StandardEngine ==== Starting Servlet engine: [Apache Tomcat/9.0.41]
2021-02-05 === [main] === INFO  === o.a.c.c.C.[Tomcat].[localhost].[/ghmall] ==== Initializing Spring embedded WebApplicationContext
2021-02-05 === [main] === INFO  === o.s.b.w.s.c.ServletWebServerApplicationContext ==== Root WebApplicationContext: initialization completed in 1567 ms
2021-02-05 === [main] === INFO  === o.s.scheduling.concurrent.ThreadPoolTaskScheduler ==== Initializing ExecutorService 'taskScheduler'
2021-02-05 === [main] === INFO  === org.apache.coyote.http11.Http11NioProtocol ==== Starting ProtocolHandler ["http-nio-8118"]
2021-02-05 === [main] === INFO  === o.s.boot.web.embedded.tomcat.TomcatWebServer ==== Tomcat started on port(s): 8118 (http) with context path '/ghmall'
2021-02-05 === [main] === INFO  === com.gahui.ghmall.server.GhmallServerApplication ==== Started GhmallServerApplication in 3.536 seconds (JVM running for 5.493)
2021-02-05 === [http-nio-8118-exec-1] === INFO  === o.a.c.c.C.[Tomcat].[localhost].[/ghmall] ==== Initializing Spring DispatcherServlet 'dispatcherServlet'
2021-02-05 === [http-nio-8118-exec-1] === INFO  === org.springframework.web.servlet.DispatcherServlet ==== Initializing Servlet 'dispatcherServlet'
2021-02-05 === [http-nio-8118-exec-1] === INFO  === org.springframework.web.servlet.DispatcherServlet ==== Completed initialization in 1 ms
2021-02-05 === [http-nio-8118-exec-1] === INFO  === com.gahui.ghmall.server.aop.PvAop ==== remote request addr ===> 127.0.0.1
2021-02-05 === [http-nio-8118-exec-1] === INFO  === com.gahui.ghmall.server.aop.ControllerExceptionAop ==== controller访问异常，类名为===>com.gahui.ghmall.server.controller.TestController，方法名为===>test
2021-02-05 === [SpringContextShutdownHook] === INFO  === o.s.scheduling.concurrent.ThreadPoolTaskScheduler ==== Shutting down ExecutorService 'taskScheduler'
2021-02-05 === [main] === INFO  === com.gahui.ghmall.server.GhmallServerApplication ==== Starting GhmallServerApplication using Java 1.8.0_211 on LAPTOP-7T3VQL9G with PID 11640 (E:\ghmall_workspace\ghmall-server\target\classes started by Gahui_Liao in E:\ghmall_workspace\ghmall-server)
2021-02-05 === [main] === INFO  === com.gahui.ghmall.server.GhmallServerApplication ==== The following profiles are active: dev
2021-02-05 === [main] === INFO  === o.s.boot.web.embedded.tomcat.TomcatWebServer ==== Tomcat initialized with port(s): 8118 (http)
2021-02-05 === [main] === INFO  === org.apache.coyote.http11.Http11NioProtocol ==== Initializing ProtocolHandler ["http-nio-8118"]
2021-02-05 === [main] === INFO  === org.apache.catalina.core.StandardService ==== Starting service [Tomcat]
2021-02-05 === [main] === INFO  === org.apache.catalina.core.StandardEngine ==== Starting Servlet engine: [Apache Tomcat/9.0.41]
2021-02-05 === [main] === INFO  === o.a.c.c.C.[Tomcat].[localhost].[/ghmall] ==== Initializing Spring embedded WebApplicationContext
2021-02-05 === [main] === INFO  === o.s.b.w.s.c.ServletWebServerApplicationContext ==== Root WebApplicationContext: initialization completed in 1589 ms
2021-02-05 === [main] === INFO  === o.s.scheduling.concurrent.ThreadPoolTaskScheduler ==== Initializing ExecutorService 'taskScheduler'
2021-02-05 === [main] === INFO  === org.apache.coyote.http11.Http11NioProtocol ==== Starting ProtocolHandler ["http-nio-8118"]
2021-02-05 === [main] === INFO  === o.s.boot.web.embedded.tomcat.TomcatWebServer ==== Tomcat started on port(s): 8118 (http) with context path '/ghmall'
2021-02-05 === [main] === INFO  === com.gahui.ghmall.server.GhmallServerApplication ==== Started GhmallServerApplication in 3.598 seconds (JVM running for 5.466)
2021-02-05 === [http-nio-8118-exec-3] === INFO  === o.a.c.c.C.[Tomcat].[localhost].[/ghmall] ==== Initializing Spring DispatcherServlet 'dispatcherServlet'
2021-02-05 === [http-nio-8118-exec-3] === INFO  === org.springframework.web.servlet.DispatcherServlet ==== Initializing Servlet 'dispatcherServlet'
2021-02-05 === [http-nio-8118-exec-3] === INFO  === org.springframework.web.servlet.DispatcherServlet ==== Completed initialization in 0 ms
2021-02-05 === [http-nio-8118-exec-3] === INFO  === com.gahui.ghmall.server.aop.PvAop ==== remote request addr ===> 127.0.0.1
2021-02-05 === [http-nio-8118-exec-3] === INFO  === com.gahui.ghmall.server.aop.ControllerExceptionAop ==== controller访问异常，类名为===>com.gahui.ghmall.server.controller.TestController，方法名为===>test
2021-02-05 === [SpringContextShutdownHook] === INFO  === o.s.scheduling.concurrent.ThreadPoolTaskScheduler ==== Shutting down ExecutorService 'taskScheduler'
2021-02-05 === [main] === INFO  === com.gahui.ghmall.server.GhmallServerApplication ==== Starting GhmallServerApplication using Java 1.8.0_211 on LAPTOP-7T3VQL9G with PID 17352 (E:\ghmall_workspace\ghmall-server\target\classes started by Gahui_Liao in E:\ghmall_workspace\ghmall-server)
2021-02-05 === [main] === INFO  === com.gahui.ghmall.server.GhmallServerApplication ==== The following profiles are active: dev
2021-02-05 === [main] === INFO  === o.s.boot.web.embedded.tomcat.TomcatWebServer ==== Tomcat initialized with port(s): 8118 (http)
2021-02-05 === [main] === INFO  === org.apache.coyote.http11.Http11NioProtocol ==== Initializing ProtocolHandler ["http-nio-8118"]
2021-02-05 === [main] === INFO  === org.apache.catalina.core.StandardService ==== Starting service [Tomcat]
2021-02-05 === [main] === INFO  === org.apache.catalina.core.StandardEngine ==== Starting Servlet engine: [Apache Tomcat/9.0.41]
2021-02-05 === [main] === INFO  === o.a.c.c.C.[Tomcat].[localhost].[/ghmall] ==== Initializing Spring embedded WebApplicationContext
2021-02-05 === [main] === INFO  === o.s.b.w.s.c.ServletWebServerApplicationContext ==== Root WebApplicationContext: initialization completed in 1494 ms
2021-02-05 === [main] === INFO  === o.s.scheduling.concurrent.ThreadPoolTaskScheduler ==== Initializing ExecutorService 'taskScheduler'
2021-02-05 === [main] === INFO  === org.apache.coyote.http11.Http11NioProtocol ==== Starting ProtocolHandler ["http-nio-8118"]
2021-02-05 === [main] === INFO  === o.s.boot.web.embedded.tomcat.TomcatWebServer ==== Tomcat started on port(s): 8118 (http) with context path '/ghmall'
2021-02-05 === [main] === INFO  === com.gahui.ghmall.server.GhmallServerApplication ==== Started GhmallServerApplication in 3.722 seconds (JVM running for 5.575)
2021-02-05 === [http-nio-8118-exec-1] === INFO  === o.a.c.c.C.[Tomcat].[localhost].[/ghmall] ==== Initializing Spring DispatcherServlet 'dispatcherServlet'
2021-02-05 === [http-nio-8118-exec-1] === INFO  === org.springframework.web.servlet.DispatcherServlet ==== Initializing Servlet 'dispatcherServlet'
2021-02-05 === [http-nio-8118-exec-1] === INFO  === org.springframework.web.servlet.DispatcherServlet ==== Completed initialization in 1 ms
2021-02-05 === [http-nio-8118-exec-1] === INFO  === com.gahui.ghmall.server.aop.PvAop ==== remote request addr ===> 127.0.0.1
2021-02-05 === [http-nio-8118-exec-1] === INFO  === com.gahui.ghmall.server.aop.ControllerExceptionAop ==== controller访问异常，类名为===>com.gahui.ghmall.server.controller.TestController，方法名为===>test
2021-02-05 === [SpringContextShutdownHook] === INFO  === o.s.scheduling.concurrent.ThreadPoolTaskScheduler ==== Shutting down ExecutorService 'taskScheduler'
2021-02-05 === [main] === INFO  === com.gahui.ghmall.server.GhmallServerApplication ==== Starting GhmallServerApplication using Java 1.8.0_211 on LAPTOP-7T3VQL9G with PID 10324 (E:\ghmall_workspace\ghmall-server\target\classes started by Gahui_Liao in E:\ghmall_workspace\ghmall-server)
2021-02-05 === [main] === INFO  === com.gahui.ghmall.server.GhmallServerApplication ==== The following profiles are active: dev
2021-02-05 === [main] === INFO  === o.s.boot.web.embedded.tomcat.TomcatWebServer ==== Tomcat initialized with port(s): 8118 (http)
2021-02-05 === [main] === INFO  === org.apache.coyote.http11.Http11NioProtocol ==== Initializing ProtocolHandler ["http-nio-8118"]
2021-02-05 === [main] === INFO  === org.apache.catalina.core.StandardService ==== Starting service [Tomcat]
2021-02-05 === [main] === INFO  === org.apache.catalina.core.StandardEngine ==== Starting Servlet engine: [Apache Tomcat/9.0.41]
2021-02-05 === [main] === INFO  === o.a.c.c.C.[Tomcat].[localhost].[/ghmall] ==== Initializing Spring embedded WebApplicationContext
2021-02-05 === [main] === INFO  === o.s.b.w.s.c.ServletWebServerApplicationContext ==== Root WebApplicationContext: initialization completed in 1849 ms
2021-02-05 === [main] === INFO  === o.s.scheduling.concurrent.ThreadPoolTaskScheduler ==== Initializing ExecutorService 'taskScheduler'
2021-02-05 === [main] === INFO  === org.apache.coyote.http11.Http11NioProtocol ==== Starting ProtocolHandler ["http-nio-8118"]
2021-02-05 === [main] === INFO  === o.s.boot.web.embedded.tomcat.TomcatWebServer ==== Tomcat started on port(s): 8118 (http) with context path '/ghmall'
2021-02-05 === [main] === INFO  === com.gahui.ghmall.server.GhmallServerApplication ==== Started GhmallServerApplication in 3.995 seconds (JVM running for 5.981)
2021-02-05 === [http-nio-8118-exec-1] === INFO  === o.a.c.c.C.[Tomcat].[localhost].[/ghmall] ==== Initializing Spring DispatcherServlet 'dispatcherServlet'
2021-02-05 === [http-nio-8118-exec-1] === INFO  === org.springframework.web.servlet.DispatcherServlet ==== Initializing Servlet 'dispatcherServlet'
2021-02-05 === [http-nio-8118-exec-1] === INFO  === org.springframework.web.servlet.DispatcherServlet ==== Completed initialization in 1 ms
2021-02-05 === [http-nio-8118-exec-1] === INFO  === com.gahui.ghmall.server.aop.PvAop ==== remote request addr ===> 127.0.0.1
2021-02-05 === [http-nio-8118-exec-1] === INFO  === com.gahui.ghmall.server.aop.ControllerExceptionAop ==== controller访问异常，类名为===>com.gahui.ghmall.server.controller.TestController，方法名为===>test
2021-02-05 === [SpringContextShutdownHook] === INFO  === o.s.scheduling.concurrent.ThreadPoolTaskScheduler ==== Shutting down ExecutorService 'taskScheduler'
2021-02-05 === [main] === INFO  === com.gahui.ghmall.server.GhmallServerApplication ==== Starting GhmallServerApplication using Java 1.8.0_211 on LAPTOP-7T3VQL9G with PID 11316 (E:\ghmall_workspace\ghmall-server\target\classes started by Gahui_Liao in E:\ghmall_workspace\ghmall-server)
2021-02-05 === [main] === INFO  === com.gahui.ghmall.server.GhmallServerApplication ==== The following profiles are active: dev
2021-02-05 === [main] === INFO  === o.s.boot.web.embedded.tomcat.TomcatWebServer ==== Tomcat initialized with port(s): 8118 (http)
2021-02-05 === [main] === INFO  === org.apache.coyote.http11.Http11NioProtocol ==== Initializing ProtocolHandler ["http-nio-8118"]
2021-02-05 === [main] === INFO  === org.apache.catalina.core.StandardService ==== Starting service [Tomcat]
2021-02-05 === [main] === INFO  === org.apache.catalina.core.StandardEngine ==== Starting Servlet engine: [Apache Tomcat/9.0.41]
2021-02-05 === [main] === INFO  === o.a.c.c.C.[Tomcat].[localhost].[/ghmall] ==== Initializing Spring embedded WebApplicationContext
2021-02-05 === [main] === INFO  === o.s.b.w.s.c.ServletWebServerApplicationContext ==== Root WebApplicationContext: initialization completed in 1605 ms
2021-02-05 === [main] === INFO  === o.s.scheduling.concurrent.ThreadPoolTaskScheduler ==== Initializing ExecutorService 'taskScheduler'
2021-02-05 === [main] === INFO  === org.apache.coyote.http11.Http11NioProtocol ==== Starting ProtocolHandler ["http-nio-8118"]
2021-02-05 === [main] === INFO  === o.s.boot.web.embedded.tomcat.TomcatWebServer ==== Tomcat started on port(s): 8118 (http) with context path '/ghmall'
2021-02-05 === [main] === INFO  === com.gahui.ghmall.server.GhmallServerApplication ==== Started GhmallServerApplication in 3.563 seconds (JVM running for 5.468)
2021-02-05 === [http-nio-8118-exec-2] === INFO  === o.a.c.c.C.[Tomcat].[localhost].[/ghmall] ==== Initializing Spring DispatcherServlet 'dispatcherServlet'
2021-02-05 === [http-nio-8118-exec-2] === INFO  === org.springframework.web.servlet.DispatcherServlet ==== Initializing Servlet 'dispatcherServlet'
2021-02-05 === [http-nio-8118-exec-2] === INFO  === org.springframework.web.servlet.DispatcherServlet ==== Completed initialization in 1 ms
2021-02-05 === [http-nio-8118-exec-2] === INFO  === com.gahui.ghmall.server.aop.PvAop ==== remote request addr ===> 127.0.0.1
2021-02-05 === [http-nio-8118-exec-2] === INFO  === com.gahui.ghmall.server.aop.ControllerExceptionAop ==== controller访问异常，类名为===>com.gahui.ghmall.server.controller.TestController，方法名为===>test
2021-02-05 === [SpringContextShutdownHook] === INFO  === o.s.scheduling.concurrent.ThreadPoolTaskScheduler ==== Shutting down ExecutorService 'taskScheduler'
